This file contains any messages produced by compilers while
running configure, to aid debugging if configure makes a mistake.

It was created by kmod configure 30, which was
generated by GNU Autoconf 2.71.  Invocation command line was

  $ ./configure --prefix=/workspaces/labsisop-buildroot/output/host --sysconfdir=/workspaces/labsisop-buildroot/output/host/etc --localstatedir=/workspaces/labsisop-buildroot/output/host/var --enable-shared --disable-static --disable-gtk-doc --disable-gtk-doc-html --disable-doc --disable-docs --disable-documentation --disable-debug --with-xmlto=no --with-fop=no --disable-nls --disable-dependency-tracking --disable-manpages --without-zlib --without-zstd --without-xz

## --------- ##
## Platform. ##
## --------- ##

hostname = codespaces-1ee735
uname -m = x86_64
uname -r = 6.8.0-1027-azure
uname -s = Linux
uname -v = #32~22.04.1-Ubuntu SMP Thu Apr  3 20:26:27 UTC 2025

/usr/bin/uname -p = x86_64
/bin/uname -X     = unknown

/bin/arch              = x86_64
/usr/bin/arch -k       = unknown
/usr/convex/getsysinfo = unknown
/usr/bin/hostinfo      = unknown
/bin/machine           = unknown
/usr/bin/oslevel       = unknown
/bin/universe          = unknown

PATH: /workspaces/labsisop-buildroot/output/host/bin/
PATH: /workspaces/labsisop-buildroot/output/host/sbin/
PATH: /usr/local/rvm/gems/ruby-3.3.4/bin/
PATH: /usr/local/rvm/gems/ruby-3.3.4@global/bin/
PATH: /usr/local/rvm/rubies/ruby-3.3.4/bin/
PATH: /vscode/bin/linux-x64/19e0f9e681ecb8e5c09d8784acaa601316ca4571/bin/remote-cli/
PATH: /home/codespace/.local/bin/
PATH: /home/codespace/.dotnet/
PATH: /home/codespace/nvm/current/bin/
PATH: /home/codespace/.php/current/bin/
PATH: /home/codespace/.python/current/bin/
PATH: /home/codespace/java/current/bin/
PATH: /home/codespace/.ruby/current/bin/
PATH: /home/codespace/.local/bin/
PATH: /usr/local/python/current/bin/
PATH: /usr/local/py-utils/bin/
PATH: /usr/local/jupyter/
PATH: /usr/local/oryx/
PATH: /usr/local/go/bin/
PATH: /go/bin/
PATH: /usr/local/sdkman/bin/
PATH: /usr/local/sdkman/candidates/java/current/bin/
PATH: /usr/local/sdkman/candidates/gradle/current/bin/
PATH: /usr/local/sdkman/candidates/maven/current/bin/
PATH: /usr/local/sdkman/candidates/ant/current/bin/
PATH: /usr/local/rvm/gems/default/bin/
PATH: /usr/local/rvm/gems/default@global/bin/
PATH: /usr/local/rvm/rubies/default/bin/
PATH: /usr/local/share/rbenv/bin/
PATH: /usr/local/php/current/bin/
PATH: /opt/conda/bin/
PATH: /usr/local/nvs/
PATH: /usr/local/share/nvm/versions/node/v20.19.0/bin/
PATH: /usr/local/hugo/bin/
PATH: /usr/local/sbin/
PATH: /usr/local/bin/
PATH: /usr/sbin/
PATH: /usr/bin/
PATH: /sbin/
PATH: /bin/
PATH: /usr/share/dotnet/
PATH: /home/codespace/.dotnet/tools/
PATH: /usr/local/rvm/bin/


## ----------- ##
## Core tests. ##
## ----------- ##

configure:2638: looking for aux files: config.guess config.sub ltmain.sh missing install-sh compile
configure:2651:  trying ./build-aux/
configure:2680:   ./build-aux/config.guess found
configure:2680:   ./build-aux/config.sub found
configure:2680:   ./build-aux/ltmain.sh found
configure:2680:   ./build-aux/missing found
configure:2662:   ./build-aux/install-sh found
configure:2680:   ./build-aux/compile found
configure:2865: checking for gcc
configure:2897: result: /usr/bin/gcc
configure:3250: checking for C compiler version
configure:3259: /usr/bin/gcc --version >&5
gcc (Ubuntu 9.4.0-1ubuntu1~20.04.2) 9.4.0
Copyright (C) 2019 Free Software Foundation, Inc.
This is free software; see the source for copying conditions.  There is NO
warranty; not even for MERCHANTABILITY or FITNESS FOR A PARTICULAR PURPOSE.

configure:3270: $? = 0
configure:3259: /usr/bin/gcc -v >&5
Using built-in specs.
COLLECT_GCC=/usr/bin/gcc
COLLECT_LTO_WRAPPER=/usr/lib/gcc/x86_64-linux-gnu/9/lto-wrapper
OFFLOAD_TARGET_NAMES=nvptx-none:hsa
OFFLOAD_TARGET_DEFAULT=1
Target: x86_64-linux-gnu
Configured with: ../src/configure -v --with-pkgversion='Ubuntu 9.4.0-1ubuntu1~20.04.2' --with-bugurl=file:///usr/share/doc/gcc-9/README.Bugs --enable-languages=c,ada,c++,go,brig,d,fortran,objc,obj-c++,gm2 --prefix=/usr --with-gcc-major-version-only --program-suffix=-9 --program-prefix=x86_64-linux-gnu- --enable-shared --enable-linker-build-id --libexecdir=/usr/lib --without-included-gettext --enable-threads=posix --libdir=/usr/lib --enable-nls --enable-clocale=gnu --enable-libstdcxx-debug --enable-libstdcxx-time=yes --with-default-libstdcxx-abi=new --enable-gnu-unique-object --disable-vtable-verify --enable-plugin --enable-default-pie --with-system-zlib --with-target-system-zlib=auto --enable-objc-gc=auto --enable-multiarch --disable-werror --with-arch-32=i686 --with-abi=m64 --with-multilib-list=m32,m64,mx32 --enable-multilib --with-tune=generic --enable-offload-targets=nvptx-none=/build/gcc-9-9QDOt0/gcc-9-9.4.0/debian/tmp-nvptx/usr,hsa --without-cuda-driver --enable-checking=release --build=x86_64-linux-gnu --host=x86_64-linux-gnu --target=x86_64-linux-gnu
Thread model: posix
gcc version 9.4.0 (Ubuntu 9.4.0-1ubuntu1~20.04.2) 
configure:3270: $? = 0
configure:3259: /usr/bin/gcc -V >&5
gcc: error: unrecognized command line option '-V'
gcc: fatal error: no input files
compilation terminated.
configure:3270: $? = 1
configure:3259: /usr/bin/gcc -qversion >&5
gcc: error: unrecognized command line option '-qversion'; did you mean '--version'?
gcc: fatal error: no input files
compilation terminated.
configure:3270: $? = 1
configure:3259: /usr/bin/gcc -version >&5
gcc: error: unrecognized command line option '-version'
gcc: fatal error: no input files
compilation terminated.
configure:3270: $? = 1
configure:3290: checking whether the C compiler works
configure:3312: /usr/bin/gcc -O2 -I/workspaces/labsisop-buildroot/output/host/include -I/workspaces/labsisop-buildroot/output/host/include -L/workspaces/labsisop-buildroot/output/host/lib -Wl,-rpath,/workspaces/labsisop-buildroot/output/host/lib conftest.c  >&5
configure:3316: $? = 0
configure:3366: result: yes
configure:3369: checking for C compiler default output file name
configure:3371: result: a.out
configure:3377: checking for suffix of executables
configure:3384: /usr/bin/gcc -o conftest -O2 -I/workspaces/labsisop-buildroot/output/host/include -I/workspaces/labsisop-buildroot/output/host/include -L/workspaces/labsisop-buildroot/output/host/lib -Wl,-rpath,/workspaces/labsisop-buildroot/output/host/lib conftest.c  >&5
configure:3388: $? = 0
configure:3411: result: 
configure:3433: checking whether we are cross compiling
configure:3441: /usr/bin/gcc -o conftest -O2 -I/workspaces/labsisop-buildroot/output/host/include -I/workspaces/labsisop-buildroot/output/host/include -L/workspaces/labsisop-buildroot/output/host/lib -Wl,-rpath,/workspaces/labsisop-buildroot/output/host/lib conftest.c  >&5
configure:3445: $? = 0
configure:3452: ./conftest
configure:3456: $? = 0
configure:3444: result: no
configure:3449: checking for suffix of object files
configure:3472: /usr/bin/gcc -c -O2 -I/workspaces/labsisop-buildroot/output/host/include -I/workspaces/labsisop-buildroot/output/host/include conftest.c >&5
configure:3476: $? = 0
configure:3498: result: o
configure:3502: checking whether the compiler supports GNU C
configure:3522: /usr/bin/gcc -c -O2 -I/workspaces/labsisop-buildroot/output/host/include -I/workspaces/labsisop-buildroot/output/host/include conftest.c >&5
configure:3522: $? = 0
configure:3532: result: yes
configure:3543: checking whether /usr/bin/gcc accepts -g
configure:3564: /usr/bin/gcc -c -g -I/workspaces/labsisop-buildroot/output/host/include conftest.c >&5
configure:3564: $? = 0
configure:3608: result: yes
configure:3628: checking for /usr/bin/gcc option to enable C11 features
configure:3643: /usr/bin/gcc  -c -O2 -I/workspaces/labsisop-buildroot/output/host/include -I/workspaces/labsisop-buildroot/output/host/include conftest.c >&5
configure:3643: $? = 0
configure:3661: result: none needed
configure:3777: checking whether /usr/bin/gcc understands -c and -o together
configure:3800: /usr/bin/gcc -c conftest.c -o conftest2.o
configure:3803: $? = 0
configure:3800: /usr/bin/gcc -c conftest.c -o conftest2.o
configure:3803: $? = 0
configure:3815: result: yes
configure:3837: checking for stdio.h
configure:3837: /usr/bin/gcc -c -O2 -I/workspaces/labsisop-buildroot/output/host/include -I/workspaces/labsisop-buildroot/output/host/include conftest.c >&5
configure:3837: $? = 0
configure:3837: result: yes
configure:3837: checking for stdlib.h
configure:3837: /usr/bin/gcc -c -O2 -I/workspaces/labsisop-buildroot/output/host/include -I/workspaces/labsisop-buildroot/output/host/include conftest.c >&5
configure:3837: $? = 0
configure:3837: result: yes
configure:3837: checking for string.h
configure:3837: /usr/bin/gcc -c -O2 -I/workspaces/labsisop-buildroot/output/host/include -I/workspaces/labsisop-buildroot/output/host/include conftest.c >&5
configure:3837: $? = 0
configure:3837: result: yes
configure:3837: checking for inttypes.h
configure:3837: /usr/bin/gcc -c -O2 -I/workspaces/labsisop-buildroot/output/host/include -I/workspaces/labsisop-buildroot/output/host/include conftest.c >&5
configure:3837: $? = 0
configure:3837: result: yes
configure:3837: checking for stdint.h
configure:3837: /usr/bin/gcc -c -O2 -I/workspaces/labsisop-buildroot/output/host/include -I/workspaces/labsisop-buildroot/output/host/include conftest.c >&5
configure:3837: $? = 0
configure:3837: result: yes
configure:3837: checking for strings.h
configure:3837: /usr/bin/gcc -c -O2 -I/workspaces/labsisop-buildroot/output/host/include -I/workspaces/labsisop-buildroot/output/host/include conftest.c >&5
configure:3837: $? = 0
configure:3837: result: yes
configure:3837: checking for sys/stat.h
configure:3837: /usr/bin/gcc -c -O2 -I/workspaces/labsisop-buildroot/output/host/include -I/workspaces/labsisop-buildroot/output/host/include conftest.c >&5
configure:3837: $? = 0
configure:3837: result: yes
configure:3837: checking for sys/types.h
configure:3837: /usr/bin/gcc -c -O2 -I/workspaces/labsisop-buildroot/output/host/include -I/workspaces/labsisop-buildroot/output/host/include conftest.c >&5
configure:3837: $? = 0
configure:3837: result: yes
configure:3837: checking for unistd.h
configure:3837: /usr/bin/gcc -c -O2 -I/workspaces/labsisop-buildroot/output/host/include -I/workspaces/labsisop-buildroot/output/host/include conftest.c >&5
configure:3837: $? = 0
configure:3837: result: yes
configure:3837: checking for wchar.h
configure:3837: /usr/bin/gcc -c -O2 -I/workspaces/labsisop-buildroot/output/host/include -I/workspaces/labsisop-buildroot/output/host/include conftest.c >&5
configure:3837: $? = 0
configure:3837: result: yes
configure:3837: checking for minix/config.h
configure:3837: /usr/bin/gcc -c -O2 -I/workspaces/labsisop-buildroot/output/host/include -I/workspaces/labsisop-buildroot/output/host/include conftest.c >&5
conftest.c:47:10: fatal error: minix/config.h: No such file or directory
   47 | #include <minix/config.h>
      |          ^~~~~~~~~~~~~~~~
compilation terminated.
configure:3837: $? = 1
configure: failed program was:
| /* confdefs.h */
| #define PACKAGE_NAME "kmod"
| #define PACKAGE_TARNAME "kmod"
| #define PACKAGE_VERSION "30"
| #define PACKAGE_STRING "kmod 30"
| #define PACKAGE_BUGREPORT "linux-modules@vger.kernel.org"
| #define PACKAGE_URL "http://git.kernel.org/?p=utils/kernel/kmod/kmod.git"
| #define HAVE_STDIO_H 1
| #define HAVE_STDLIB_H 1
| #define HAVE_STRING_H 1
| #define HAVE_INTTYPES_H 1
| #define HAVE_STDINT_H 1
| #define HAVE_STRINGS_H 1
| #define HAVE_SYS_STAT_H 1
| #define HAVE_SYS_TYPES_H 1
| #define HAVE_UNISTD_H 1
| #define HAVE_WCHAR_H 1
| /* end confdefs.h.  */
| #include <stddef.h>
| #ifdef HAVE_STDIO_H
| # include <stdio.h>
| #endif
| #ifdef HAVE_STDLIB_H
| # include <stdlib.h>
| #endif
| #ifdef HAVE_STRING_H
| # include <string.h>
| #endif
| #ifdef HAVE_INTTYPES_H
| # include <inttypes.h>
| #endif
| #ifdef HAVE_STDINT_H
| # include <stdint.h>
| #endif
| #ifdef HAVE_STRINGS_H
| # include <strings.h>
| #endif
| #ifdef HAVE_SYS_TYPES_H
| # include <sys/types.h>
| #endif
| #ifdef HAVE_SYS_STAT_H
| # include <sys/stat.h>
| #endif
| #ifdef HAVE_UNISTD_H
| # include <unistd.h>
| #endif
| #include <minix/config.h>
configure:3837: result: no
configure:3837: checking for linux/module.h
configure:3837: /usr/bin/gcc -c -O2 -I/workspaces/labsisop-buildroot/output/host/include -I/workspaces/labsisop-buildroot/output/host/include conftest.c >&5
configure:3837: $? = 0
configure:3837: result: yes
configure:3868: checking whether it is safe to define __EXTENSIONS__
configure:3887: /usr/bin/gcc -c -O2 -I/workspaces/labsisop-buildroot/output/host/include -I/workspaces/labsisop-buildroot/output/host/include conftest.c >&5
configure:3887: $? = 0
configure:3895: result: yes
configure:3898: checking whether _XOPEN_SOURCE should be defined
configure:3920: /usr/bin/gcc -c -O2 -I/workspaces/labsisop-buildroot/output/host/include -I/workspaces/labsisop-buildroot/output/host/include conftest.c >&5
configure:3920: $? = 0
configure:3947: result: no
configure:4011: checking for special C compiler options needed for large files
configure:4059: result: no
configure:4065: checking for _FILE_OFFSET_BITS value needed for large files
configure:4091: /usr/bin/gcc -c -O2 -I/workspaces/labsisop-buildroot/output/host/include -I/workspaces/labsisop-buildroot/output/host/include conftest.c >&5
configure:4091: $? = 0
configure:4125: result: no
configure:4209: checking whether to enable maintainer-specific portions of Makefiles
configure:4219: result: yes
configure:4249: checking for a BSD-compatible install
configure:4322: result: /usr/bin/install -c
configure:4333: checking whether build environment is sane
configure:4388: result: yes
configure:4541: checking for a race-free mkdir -p
configure:4585: result: /usr/bin/mkdir -p
configure:4592: checking for gawk
configure:4613: found /workspaces/labsisop-buildroot/output/host/bin/gawk
configure:4624: result: gawk
configure:4635: checking whether make sets $(MAKE)
configure:4658: result: yes
configure:4680: checking whether make supports the include directive
configure:4695: make -f confmf.GNU && cat confinc.out
make[1]: Entering directory '/workspaces/labsisop-buildroot/output/build/host-kmod-30'
make[1]: Leaving directory '/workspaces/labsisop-buildroot/output/build/host-kmod-30'
this is the am__doit target
configure:4698: $? = 0
configure:4717: result: yes (GNU style)
configure:4752: checking whether make supports nested variables
configure:4770: result: yes
configure:4845: checking how to create a pax tar archive
configure:4856: tar --version
tar (GNU tar) 1.30
Copyright (C) 2017 Free Software Foundation, Inc.
License GPLv3+: GNU GPL version 3 or later <https://gnu.org/licenses/gpl.html>.
This is free software: you are free to change and redistribute it.
There is NO WARRANTY, to the extent permitted by law.

Written by John Gilmore and Jay Fenlason.
configure:4859: $? = 0
configure:4899: tardir=conftest.dir && eval tar --format=posix -chf - "$tardir" >conftest.tar
configure:4902: $? = 0
configure:4906: tar -xf - <conftest.tar
configure:4909: $? = 0
configure:4911: cat conftest.dir/file
GrepMe
configure:4914: $? = 0
configure:4928: result: gnutar
configure:4937: checking dependency style of /usr/bin/gcc
configure:5049: result: none
configure:5133: checking whether make supports nested variables
configure:5151: result: yes
configure:5194: checking build system type
configure:5209: result: x86_64-pc-linux-gnu
configure:5229: checking host system type
configure:5243: result: x86_64-pc-linux-gnu
configure:5284: checking how to print strings
configure:5311: result: printf
configure:5332: checking for a sed that does not truncate output
configure:5402: result: /usr/bin/sed
configure:5420: checking for grep that handles long lines and -e
configure:5484: result: /usr/bin/grep
configure:5489: checking for egrep
configure:5557: result: /usr/bin/grep -E
configure:5562: checking for fgrep
configure:5630: result: /usr/bin/grep -F
configure:5666: checking for ld used by /usr/bin/gcc
configure:5734: result: /usr/bin/ld
configure:5741: checking if the linker (/usr/bin/ld) is GNU ld
configure:5757: result: yes
configure:5769: checking for BSD- or MS-compatible name lister (nm)
configure:5824: result: /usr/bin/nm
configure:5964: checking the name lister (/usr/bin/nm) interface
configure:5972: /usr/bin/gcc -c -O2 -I/workspaces/labsisop-buildroot/output/host/include -I/workspaces/labsisop-buildroot/output/host/include conftest.c >&5
configure:5975: /usr/bin/nm "conftest.o"
configure:5978: output
0000000000000000 B some_variable
configure:5979: result: BSD nm
configure:5982: checking whether ln -s works
configure:5986: result: yes
configure:5994: checking the maximum length of command line arguments
configure:6126: result: 1572864
configure:6174: checking how to convert x86_64-pc-linux-gnu file names to x86_64-pc-linux-gnu format
configure:6215: result: func_convert_file_noop
configure:6222: checking how to convert x86_64-pc-linux-gnu file names to toolchain format
configure:6243: result: func_convert_file_noop
configure:6250: checking for /usr/bin/ld option to reload object files
configure:6258: result: -r
configure:6337: checking for file
configure:6358: found /usr/bin/file
configure:6369: result: file
configure:6445: checking for objdump
configure:6466: found /usr/bin/objdump
configure:6477: result: objdump
configure:6509: checking how to recognize dependent libraries
configure:6710: result: pass_all
configure:6800: checking for dlltool
configure:6835: result: no
configure:6865: checking how to associate runtime and link libraries
configure:6893: result: printf %s\n
configure:7043: checking for archiver @FILE support
configure:7061: /usr/bin/gcc -c -O2 -I/workspaces/labsisop-buildroot/output/host/include -I/workspaces/labsisop-buildroot/output/host/include conftest.c >&5
configure:7061: $? = 0
configure:7065: /usr/bin/ar cr libconftest.a @conftest.lst >&5
configure:7068: $? = 0
configure:7073: /usr/bin/ar cr libconftest.a @conftest.lst >&5
/usr/bin/ar: conftest.o: No such file or directory
configure:7076: $? = 1
configure:7075: result: @
configure:7138: checking for strip
configure:7159: found /usr/bin/strip
configure:7170: result: strip
configure:7247: checking for ranlib
configure:7279: result: /usr/bin/ranlib
configure:7381: checking command to parse /usr/bin/nm output from /usr/bin/gcc object
configure:7535: /usr/bin/gcc -c -O2 -I/workspaces/labsisop-buildroot/output/host/include -I/workspaces/labsisop-buildroot/output/host/include conftest.c >&5
configure:7538: $? = 0
configure:7542: /usr/bin/nm conftest.o \| /usr/bin/sed -n -e 's/^.*[ ]\([ABCDGIRSTW][ABCDGIRSTW]*\)[ ][ ]*\([_A-Za-z][_A-Za-z0-9]*\)$/\1 \2 \2/p' | /usr/bin/sed '/ __gnu_lto/d' \> conftest.nm
configure:7545: $? = 0
configure:7611: /usr/bin/gcc -o conftest -O2 -I/workspaces/labsisop-buildroot/output/host/include -I/workspaces/labsisop-buildroot/output/host/include -L/workspaces/labsisop-buildroot/output/host/lib -Wl,-rpath,/workspaces/labsisop-buildroot/output/host/lib conftest.c conftstm.o >&5
configure:7614: $? = 0
configure:7652: result: ok
configure:7699: checking for sysroot
configure:7730: result: no
configure:7737: checking for a working dd
configure:7781: result: /usr/bin/dd
configure:7785: checking how to truncate binary pipes
configure:7801: result: /usr/bin/dd bs=4096 count=1
configure:7938: /usr/bin/gcc -c -O2 -I/workspaces/labsisop-buildroot/output/host/include -I/workspaces/labsisop-buildroot/output/host/include conftest.c >&5
configure:7941: $? = 0
configure:8138: checking for mt
configure:8159: found /usr/bin/mt
configure:8170: result: mt
configure:8193: checking if mt is a manifest tool
configure:8200: mt '-?'
configure:8208: result: no
configure:8929: checking for dlfcn.h
configure:8929: /usr/bin/gcc -c -O2 -I/workspaces/labsisop-buildroot/output/host/include -I/workspaces/labsisop-buildroot/output/host/include conftest.c >&5
configure:8929: $? = 0
configure:8929: result: yes
configure:9186: checking for objdir
configure:9202: result: .libs
configure:9466: checking if /usr/bin/gcc supports -fno-rtti -fno-exceptions
configure:9485: /usr/bin/gcc -c -O2 -I/workspaces/labsisop-buildroot/output/host/include -I/workspaces/labsisop-buildroot/output/host/include -fno-rtti -fno-exceptions conftest.c >&5
cc1: warning: command line option '-fno-rtti' is valid for C++/D/ObjC++ but not for C
configure:9489: $? = 0
configure:9502: result: no
configure:9860: checking for /usr/bin/gcc option to produce PIC
configure:9868: result: -fPIC -DPIC
configure:9876: checking if /usr/bin/gcc PIC flag -fPIC -DPIC works
configure:9895: /usr/bin/gcc -c -O2 -I/workspaces/labsisop-buildroot/output/host/include -I/workspaces/labsisop-buildroot/output/host/include -fPIC -DPIC -DPIC conftest.c >&5
configure:9899: $? = 0
configure:9912: result: yes
configure:9941: checking if /usr/bin/gcc static flag -static works
configure:9970: result: yes
configure:9985: checking if /usr/bin/gcc supports -c -o file.o
configure:10007: /usr/bin/gcc -c -O2 -I/workspaces/labsisop-buildroot/output/host/include -I/workspaces/labsisop-buildroot/output/host/include -o out/conftest2.o conftest.c >&5
configure:10011: $? = 0
configure:10033: result: yes
configure:10041: checking if /usr/bin/gcc supports -c -o file.o
configure:10089: result: yes
configure:10122: checking whether the /usr/bin/gcc linker (/usr/bin/ld -m elf_x86_64) supports shared libraries
configure:11390: result: yes
configure:11427: checking whether -lc should be explicitly linked in
configure:11436: /usr/bin/gcc -c -O2 -I/workspaces/labsisop-buildroot/output/host/include -I/workspaces/labsisop-buildroot/output/host/include conftest.c >&5
configure:11439: $? = 0
configure:11454: /usr/bin/gcc -shared  -fPIC -DPIC conftest.o  -v -Wl,-soname -Wl,conftest -o conftest 2\>\&1 \| /usr/bin/grep  -lc  \>/dev/null 2\>\&1
configure:11457: $? = 0
configure:11471: result: no
configure:11631: checking dynamic linker characteristics
configure:12213: /usr/bin/gcc -o conftest -O2 -I/workspaces/labsisop-buildroot/output/host/include -I/workspaces/labsisop-buildroot/output/host/include -L/workspaces/labsisop-buildroot/output/host/lib -Wl,-rpath,/workspaces/labsisop-buildroot/output/host/lib -Wl,-rpath -Wl,/foo conftest.c  >&5
configure:12213: $? = 0
configure:12452: result: GNU/Linux ld.so
configure:12574: checking how to hardcode library paths into programs
configure:12599: result: immediate
configure:13151: checking whether stripping libraries is possible
configure:13160: result: yes
configure:13202: checking if libtool supports shared libraries
configure:13204: result: yes
configure:13207: checking whether to build shared libraries
configure:13232: result: yes
configure:13235: checking whether to build static libraries
configure:13239: result: no
configure:10053: checking for a sed that does not truncate output
configure:10123: result: /usr/bin/sed
configure:10129: checking whether ln -s works
configure:10133: result: yes
configure:10259: checking pkg-config is at least version 0.9.0
configure:10262: result: yes
configure:10272: checking for xsltproc
configure:10310: result: no
configure:10317: checking for mkosi
configure:10355: result: no
configure:10371: checking for __xstat
configure:10371: /usr/bin/gcc -o conftest -O2 -I/workspaces/labsisop-buildroot/output/host/include -I/workspaces/labsisop-buildroot/output/host/include -L/workspaces/labsisop-buildroot/output/host/lib -Wl,-rpath,/workspaces/labsisop-buildroot/output/host/lib conftest.c  >&5
configure:10371: $? = 0
configure:10371: result: yes
configure:10371: checking for __secure_getenv
configure:10371: /usr/bin/gcc -o conftest -O2 -I/workspaces/labsisop-buildroot/output/host/include -I/workspaces/labsisop-buildroot/output/host/include -L/workspaces/labsisop-buildroot/output/host/lib -Wl,-rpath,/workspaces/labsisop-buildroot/output/host/lib conftest.c  >&5
/usr/bin/ld: /tmp/cceuXMje.o: in function `main':
conftest.c:(.text.startup+0xb): undefined reference to `__secure_getenv'
collect2: error: ld returned 1 exit status
configure:10371: $? = 1
configure: failed program was:
| /* confdefs.h */
| #define PACKAGE_NAME "kmod"
| #define PACKAGE_TARNAME "kmod"
| #define PACKAGE_VERSION "30"
| #define PACKAGE_STRING "kmod 30"
| #define PACKAGE_BUGREPORT "linux-modules@vger.kernel.org"
| #define PACKAGE_URL "http://git.kernel.org/?p=utils/kernel/kmod/kmod.git"
| #define HAVE_STDIO_H 1
| #define HAVE_STDLIB_H 1
| #define HAVE_STRING_H 1
| #define HAVE_INTTYPES_H 1
| #define HAVE_STDINT_H 1
| #define HAVE_STRINGS_H 1
| #define HAVE_SYS_STAT_H 1
| #define HAVE_SYS_TYPES_H 1
| #define HAVE_UNISTD_H 1
| #define HAVE_WCHAR_H 1
| #define HAVE_LINUX_MODULE_H 1
| #define STDC_HEADERS 1
| #define _ALL_SOURCE 1
| #define _DARWIN_C_SOURCE 1
| #define _GNU_SOURCE 1
| #define _HPUX_ALT_XOPEN_SOCKET_API 1
| #define _NETBSD_SOURCE 1
| #define _OPENBSD_SOURCE 1
| #define _POSIX_PTHREAD_SEMANTICS 1
| #define __STDC_WANT_IEC_60559_ATTRIBS_EXT__ 1
| #define __STDC_WANT_IEC_60559_BFP_EXT__ 1
| #define __STDC_WANT_IEC_60559_DFP_EXT__ 1
| #define __STDC_WANT_IEC_60559_FUNCS_EXT__ 1
| #define __STDC_WANT_IEC_60559_TYPES_EXT__ 1
| #define __STDC_WANT_LIB_EXT2__ 1
| #define __STDC_WANT_MATH_SPEC_FUNCS__ 1
| #define _TANDEM_SOURCE 1
| #define __EXTENSIONS__ 1
| #define PACKAGE "kmod"
| #define VERSION "30"
| #define HAVE_DLFCN_H 1
| #define LT_OBJDIR ".libs/"
| #define HAVE___XSTAT 1
| /* end confdefs.h.  */
| /* Define __secure_getenv to an innocuous variant, in case <limits.h> declares __secure_getenv.
|    For example, HP-UX 11i <limits.h> declares gettimeofday.  */
| #define __secure_getenv innocuous___secure_getenv
| 
| /* System header to define __stub macros and hopefully few prototypes,
|    which can conflict with char __secure_getenv (); below.  */
| 
| #include <limits.h>
| #undef __secure_getenv
| 
| /* Override any GCC internal prototype to avoid an error.
|    Use char because int might match the return type of a GCC
|    builtin and then its argument prototype would still apply.  */
| #ifdef __cplusplus
| extern "C"
| #endif
| char __secure_getenv ();
| /* The GNU C library defines this for functions which it implements
|     to always fail with ENOSYS.  Some functions are actually named
|     something starting with __ and the normal name is an alias.  */
| #if defined __stub___secure_getenv || defined __stub_____secure_getenv
| choke me
| #endif
| 
| int
| main (void)
| {
| return __secure_getenv ();
|   ;
|   return 0;
| }
configure:10371: result: no
configure:10371: checking for secure_getenv
configure:10371: /usr/bin/gcc -o conftest -O2 -I/workspaces/labsisop-buildroot/output/host/include -I/workspaces/labsisop-buildroot/output/host/include -L/workspaces/labsisop-buildroot/output/host/lib -Wl,-rpath,/workspaces/labsisop-buildroot/output/host/lib conftest.c  >&5
configure:10371: $? = 0
configure:10371: result: yes
configure:10371: checking for finit_module
configure:10371: /usr/bin/gcc -o conftest -O2 -I/workspaces/labsisop-buildroot/output/host/include -I/workspaces/labsisop-buildroot/output/host/include -L/workspaces/labsisop-buildroot/output/host/lib -Wl,-rpath,/workspaces/labsisop-buildroot/output/host/lib conftest.c  >&5
/usr/bin/ld: /tmp/ccwOG8V3.o: in function `main':
conftest.c:(.text.startup+0xb): undefined reference to `finit_module'
collect2: error: ld returned 1 exit status
configure:10371: $? = 1
configure: failed program was:
| /* confdefs.h */
| #define PACKAGE_NAME "kmod"
| #define PACKAGE_TARNAME "kmod"
| #define PACKAGE_VERSION "30"
| #define PACKAGE_STRING "kmod 30"
| #define PACKAGE_BUGREPORT "linux-modules@vger.kernel.org"
| #define PACKAGE_URL "http://git.kernel.org/?p=utils/kernel/kmod/kmod.git"
| #define HAVE_STDIO_H 1
| #define HAVE_STDLIB_H 1
| #define HAVE_STRING_H 1
| #define HAVE_INTTYPES_H 1
| #define HAVE_STDINT_H 1
| #define HAVE_STRINGS_H 1
| #define HAVE_SYS_STAT_H 1
| #define HAVE_SYS_TYPES_H 1
| #define HAVE_UNISTD_H 1
| #define HAVE_WCHAR_H 1
| #define HAVE_LINUX_MODULE_H 1
| #define STDC_HEADERS 1
| #define _ALL_SOURCE 1
| #define _DARWIN_C_SOURCE 1
| #define _GNU_SOURCE 1
| #define _HPUX_ALT_XOPEN_SOCKET_API 1
| #define _NETBSD_SOURCE 1
| #define _OPENBSD_SOURCE 1
| #define _POSIX_PTHREAD_SEMANTICS 1
| #define __STDC_WANT_IEC_60559_ATTRIBS_EXT__ 1
| #define __STDC_WANT_IEC_60559_BFP_EXT__ 1
| #define __STDC_WANT_IEC_60559_DFP_EXT__ 1
| #define __STDC_WANT_IEC_60559_FUNCS_EXT__ 1
| #define __STDC_WANT_IEC_60559_TYPES_EXT__ 1
| #define __STDC_WANT_LIB_EXT2__ 1
| #define __STDC_WANT_MATH_SPEC_FUNCS__ 1
| #define _TANDEM_SOURCE 1
| #define __EXTENSIONS__ 1
| #define PACKAGE "kmod"
| #define VERSION "30"
| #define HAVE_DLFCN_H 1
| #define LT_OBJDIR ".libs/"
| #define HAVE___XSTAT 1
| #define HAVE_SECURE_GETENV 1
| /* end confdefs.h.  */
| /* Define finit_module to an innocuous variant, in case <limits.h> declares finit_module.
|    For example, HP-UX 11i <limits.h> declares gettimeofday.  */
| #define finit_module innocuous_finit_module
| 
| /* System header to define __stub macros and hopefully few prototypes,
|    which can conflict with char finit_module (); below.  */
| 
| #include <limits.h>
| #undef finit_module
| 
| /* Override any GCC internal prototype to avoid an error.
|    Use char because int might match the return type of a GCC
|    builtin and then its argument prototype would still apply.  */
| #ifdef __cplusplus
| extern "C"
| #endif
| char finit_module ();
| /* The GNU C library defines this for functions which it implements
|     to always fail with ENOSYS.  Some functions are actually named
|     something starting with __ and the normal name is an alias.  */
| #if defined __stub_finit_module || defined __stub___finit_module
| choke me
| #endif
| 
| int
| main (void)
| {
| return finit_module ();
|   ;
|   return 0;
| }
configure:10371: result: no
configure:10389: checking if compiler has __builtin_clz builtin function
configure:10407: /usr/bin/gcc -o conftest -O2 -I/workspaces/labsisop-buildroot/output/host/include -I/workspaces/labsisop-buildroot/output/host/include -L/workspaces/labsisop-buildroot/output/host/lib -Wl,-rpath,/workspaces/labsisop-buildroot/output/host/lib conftest.c  >&5
configure:10407: $? = 0
configure:10416: result: yes
configure:10440: checking if compiler has __builtin_types_compatible_p builtin function
configure:10458: /usr/bin/gcc -o conftest -O2 -I/workspaces/labsisop-buildroot/output/host/include -I/workspaces/labsisop-buildroot/output/host/include -L/workspaces/labsisop-buildroot/output/host/lib -Wl,-rpath,/workspaces/labsisop-buildroot/output/host/lib conftest.c  >&5
configure:10458: $? = 0
configure:10467: result: yes
configure:10491: checking if compiler has __builtin_uaddl_overflow builtin function
configure:10509: /usr/bin/gcc -o conftest -O2 -I/workspaces/labsisop-buildroot/output/host/include -I/workspaces/labsisop-buildroot/output/host/include -L/workspaces/labsisop-buildroot/output/host/lib -Wl,-rpath,/workspaces/labsisop-buildroot/output/host/lib conftest.c  >&5
conftest.c: In function 'main':
conftest.c:50:8: warning: null argument where non-null required (argument 3) [-Wnonnull]
   50 |        __builtin_uaddl_overflow(0UL, 0UL, (void*)0)
      |        ^~~~~~~~~~~~~~~~~~~~~~~~
configure:10509: $? = 0
configure:10518: result: yes
configure:10542: checking if compiler has __builtin_uaddll_overflow builtin function
configure:10560: /usr/bin/gcc -o conftest -O2 -I/workspaces/labsisop-buildroot/output/host/include -I/workspaces/labsisop-buildroot/output/host/include -L/workspaces/labsisop-buildroot/output/host/lib -Wl,-rpath,/workspaces/labsisop-buildroot/output/host/lib conftest.c  >&5
conftest.c: In function 'main':
conftest.c:51:8: warning: null argument where non-null required (argument 3) [-Wnonnull]
   51 |        __builtin_uaddll_overflow(0ULL, 0ULL, (void*)0)
      |        ^~~~~~~~~~~~~~~~~~~~~~~~~
configure:10560: $? = 0
configure:10569: result: yes
configure:10593: checking for struct stat.st_mtim
configure:10593: /usr/bin/gcc -c -O2 -I/workspaces/labsisop-buildroot/output/host/include -I/workspaces/labsisop-buildroot/output/host/include conftest.c >&5
conftest.c: In function 'main':
conftest.c:53:5: error: used struct type value where scalar is required
   53 | if (ac_aggr.st_mtim)
      |     ^~~~~~~
configure:10593: $? = 1
configure: failed program was:
| /* confdefs.h */
| #define PACKAGE_NAME "kmod"
| #define PACKAGE_TARNAME "kmod"
| #define PACKAGE_VERSION "30"
| #define PACKAGE_STRING "kmod 30"
| #define PACKAGE_BUGREPORT "linux-modules@vger.kernel.org"
| #define PACKAGE_URL "http://git.kernel.org/?p=utils/kernel/kmod/kmod.git"
| #define HAVE_STDIO_H 1
| #define HAVE_STDLIB_H 1
| #define HAVE_STRING_H 1
| #define HAVE_INTTYPES_H 1
| #define HAVE_STDINT_H 1
| #define HAVE_STRINGS_H 1
| #define HAVE_SYS_STAT_H 1
| #define HAVE_SYS_TYPES_H 1
| #define HAVE_UNISTD_H 1
| #define HAVE_WCHAR_H 1
| #define HAVE_LINUX_MODULE_H 1
| #define STDC_HEADERS 1
| #define _ALL_SOURCE 1
| #define _DARWIN_C_SOURCE 1
| #define _GNU_SOURCE 1
| #define _HPUX_ALT_XOPEN_SOCKET_API 1
| #define _NETBSD_SOURCE 1
| #define _OPENBSD_SOURCE 1
| #define _POSIX_PTHREAD_SEMANTICS 1
| #define __STDC_WANT_IEC_60559_ATTRIBS_EXT__ 1
| #define __STDC_WANT_IEC_60559_BFP_EXT__ 1
| #define __STDC_WANT_IEC_60559_DFP_EXT__ 1
| #define __STDC_WANT_IEC_60559_FUNCS_EXT__ 1
| #define __STDC_WANT_IEC_60559_TYPES_EXT__ 1
| #define __STDC_WANT_LIB_EXT2__ 1
| #define __STDC_WANT_MATH_SPEC_FUNCS__ 1
| #define _TANDEM_SOURCE 1
| #define __EXTENSIONS__ 1
| #define PACKAGE "kmod"
| #define VERSION "30"
| #define HAVE_DLFCN_H 1
| #define LT_OBJDIR ".libs/"
| #define HAVE___XSTAT 1
| #define HAVE_SECURE_GETENV 1
| #define HAVE___BUILTIN_CLZ 1
| #define HAVE___BUILTIN_TYPES_COMPATIBLE_P 1
| #define HAVE___BUILTIN_UADDL_OVERFLOW 1
| #define HAVE___BUILTIN_UADDLL_OVERFLOW 1
| /* end confdefs.h.  */
| #include <sys/stat.h>
| 
| int
| main (void)
| {
| static struct stat ac_aggr;
| if (ac_aggr.st_mtim)
| return 0;
|   ;
|   return 0;
| }
configure:10593: /usr/bin/gcc -c -O2 -I/workspaces/labsisop-buildroot/output/host/include -I/workspaces/labsisop-buildroot/output/host/include conftest.c >&5
configure:10593: $? = 0
configure:10593: result: yes
configure:10605: checking for /usr/bin/gcc options needed to detect all undeclared functions
configure:10627: /usr/bin/gcc -c -O2 -I/workspaces/labsisop-buildroot/output/host/include  -I/workspaces/labsisop-buildroot/output/host/include conftest.c >&5
conftest.c: In function 'main':
conftest.c:52:8: error: 'strchr' undeclared (first use in this function)
   52 | (void) strchr;
      |        ^~~~~~
conftest.c:1:1: note: 'strchr' is defined in header '<string.h>'; did you forget to '#include <string.h>'?
    1 | /* confdefs.h */
conftest.c:52:8: note: each undeclared identifier is reported only once for each function it appears in
   52 | (void) strchr;
      |        ^~~~~~
configure:10627: $? = 1
configure: failed program was:
| /* confdefs.h */
| #define PACKAGE_NAME "kmod"
| #define PACKAGE_TARNAME "kmod"
| #define PACKAGE_VERSION "30"
| #define PACKAGE_STRING "kmod 30"
| #define PACKAGE_BUGREPORT "linux-modules@vger.kernel.org"
| #define PACKAGE_URL "http://git.kernel.org/?p=utils/kernel/kmod/kmod.git"
| #define HAVE_STDIO_H 1
| #define HAVE_STDLIB_H 1
| #define HAVE_STRING_H 1
| #define HAVE_INTTYPES_H 1
| #define HAVE_STDINT_H 1
| #define HAVE_STRINGS_H 1
| #define HAVE_SYS_STAT_H 1
| #define HAVE_SYS_TYPES_H 1
| #define HAVE_UNISTD_H 1
| #define HAVE_WCHAR_H 1
| #define HAVE_LINUX_MODULE_H 1
| #define STDC_HEADERS 1
| #define _ALL_SOURCE 1
| #define _DARWIN_C_SOURCE 1
| #define _GNU_SOURCE 1
| #define _HPUX_ALT_XOPEN_SOCKET_API 1
| #define _NETBSD_SOURCE 1
| #define _OPENBSD_SOURCE 1
| #define _POSIX_PTHREAD_SEMANTICS 1
| #define __STDC_WANT_IEC_60559_ATTRIBS_EXT__ 1
| #define __STDC_WANT_IEC_60559_BFP_EXT__ 1
| #define __STDC_WANT_IEC_60559_DFP_EXT__ 1
| #define __STDC_WANT_IEC_60559_FUNCS_EXT__ 1
| #define __STDC_WANT_IEC_60559_TYPES_EXT__ 1
| #define __STDC_WANT_LIB_EXT2__ 1
| #define __STDC_WANT_MATH_SPEC_FUNCS__ 1
| #define _TANDEM_SOURCE 1
| #define __EXTENSIONS__ 1
| #define PACKAGE "kmod"
| #define VERSION "30"
| #define HAVE_DLFCN_H 1
| #define LT_OBJDIR ".libs/"
| #define HAVE___XSTAT 1
| #define HAVE_SECURE_GETENV 1
| #define HAVE___BUILTIN_CLZ 1
| #define HAVE___BUILTIN_TYPES_COMPATIBLE_P 1
| #define HAVE___BUILTIN_UADDL_OVERFLOW 1
| #define HAVE___BUILTIN_UADDLL_OVERFLOW 1
| #define HAVE_STRUCT_STAT_ST_MTIM 1
| /* end confdefs.h.  */
| 
| int
| main (void)
| {
| (void) strchr;
|   ;
|   return 0;
| }
configure:10654: /usr/bin/gcc -c -O2 -I/workspaces/labsisop-buildroot/output/host/include  -I/workspaces/labsisop-buildroot/output/host/include conftest.c >&5
configure:10654: $? = 0
configure:10671: result: none needed
configure:10685: checking whether strndupa is declared
configure:10685: /usr/bin/gcc -c -O2 -I/workspaces/labsisop-buildroot/output/host/include  -I/workspaces/labsisop-buildroot/output/host/include conftest.c >&5
configure:10685: $? = 0
configure:10685: result: yes
configure:10697: checking whether be32toh is declared
configure:10697: /usr/bin/gcc -c -O2 -I/workspaces/labsisop-buildroot/output/host/include  -I/workspaces/labsisop-buildroot/output/host/include conftest.c >&5
configure:10697: $? = 0
configure:10697: result: yes
configure:10712: checking whether _Static_assert() is supported
configure:10718: /usr/bin/gcc -c -O2 -I/workspaces/labsisop-buildroot/output/host/include -I/workspaces/labsisop-buildroot/output/host/include conftest.c >&5
configure:10718: $? = 0
configure:10723: result: yes
configure:10731: checking whether _Noreturn is supported
configure:10737: /usr/bin/gcc -c -O2 -I/workspaces/labsisop-buildroot/output/host/include -I/workspaces/labsisop-buildroot/output/host/include conftest.c >&5
conftest.c: In function 'foo':
conftest.c:51:27: warning: implicit declaration of function 'exit' [-Wimplicit-function-declaration]
   51 | _Noreturn int foo(void) { exit(0); }
      |                           ^~~~
conftest.c:51:27: warning: incompatible implicit declaration of built-in function 'exit'
conftest.c:1:1: note: include '<stdlib.h>' or provide a declaration of 'exit'
    1 | /* confdefs.h */
configure:10737: $? = 0
configure:10742: result: yes
configure:10876: Zstandard support not requested
configure:11016: Xz support not requested
configure:11156: zlib support not requested
configure:11296: openssl support not requested
configure:12241: checking for gtk-doc
configure:12244: $PKG_CONFIG --exists --print-errors "$gtk_doc_requires"
Package gtk-doc was not found in the pkg-config search path.
Perhaps you should add the directory containing `gtk-doc.pc'
to the PKG_CONFIG_PATH environment variable
Package 'gtk-doc', required by 'virtual:world', not found
configure:12247: $? = 1
configure:12253: result: no
configure:12257: WARNING:
  You will not be able to create source packages with 'make dist'
  because gtk-doc >= 1.14 is not found.
configure:12267: checking for gtkdoc-check
configure:12302: result: no
configure:12309: checking for gtkdoc-check
configure:12347: result: no
configure:12356: checking for gtkdoc-rebase
configure:12394: result: no
configure:12405: checking for gtkdoc-mkpdf
configure:12443: result: no
configure:12470: checking whether to build gtk-doc documentation
configure:12472: result: no
configure:12485: checking for GTKDOC_DEPS
configure:12492: $PKG_CONFIG --exists --print-errors "glib-2.0 >= 2.10.0 gobject-2.0  >= 2.10.0"
Package glib-2.0 was not found in the pkg-config search path.
Perhaps you should add the directory containing `glib-2.0.pc'
to the PKG_CONFIG_PATH environment variable
Package 'glib-2.0', required by 'virtual:world', not found
Package 'gobject-2.0', required by 'virtual:world', not found
configure:12495: $? = 1
configure:12509: $PKG_CONFIG --exists --print-errors "glib-2.0 >= 2.10.0 gobject-2.0  >= 2.10.0"
Package glib-2.0 was not found in the pkg-config search path.
Perhaps you should add the directory containing `glib-2.0.pc'
to the PKG_CONFIG_PATH environment variable
Package 'glib-2.0', required by 'virtual:world', not found
Package 'gobject-2.0', required by 'virtual:world', not found
configure:12512: $? = 1
configure:12526: result: no
Package 'glib-2.0', required by 'virtual:world', not found
Package 'gobject-2.0', required by 'virtual:world', not found
configure:12692: checking if /usr/bin/gcc supports flag -pipe in envvar CFLAGS
configure:12704: /usr/bin/gcc -o conftest -Werror -pipe -I/workspaces/labsisop-buildroot/output/host/include -L/workspaces/labsisop-buildroot/output/host/lib -Wl,-rpath,/workspaces/labsisop-buildroot/output/host/lib conftest.c  >&5
configure:12704: $? = 0
configure:12715: result: yes
configure:12692: checking if /usr/bin/gcc supports flag -DANOTHER_BRICK_IN_THE in envvar CFLAGS
configure:12704: /usr/bin/gcc -o conftest -Werror -DANOTHER_BRICK_IN_THE -I/workspaces/labsisop-buildroot/output/host/include -L/workspaces/labsisop-buildroot/output/host/lib -Wl,-rpath,/workspaces/labsisop-buildroot/output/host/lib conftest.c  >&5
configure:12704: $? = 0
configure:12715: result: yes
configure:12692: checking if /usr/bin/gcc supports flag -Wall in envvar CFLAGS
configure:12704: /usr/bin/gcc -o conftest -Werror -Wall -I/workspaces/labsisop-buildroot/output/host/include -L/workspaces/labsisop-buildroot/output/host/lib -Wl,-rpath,/workspaces/labsisop-buildroot/output/host/lib conftest.c  >&5
configure:12704: $? = 0
configure:12715: result: yes
configure:12692: checking if /usr/bin/gcc supports flag -W in envvar CFLAGS
configure:12704: /usr/bin/gcc -o conftest -Werror -W -I/workspaces/labsisop-buildroot/output/host/include -L/workspaces/labsisop-buildroot/output/host/lib -Wl,-rpath,/workspaces/labsisop-buildroot/output/host/lib conftest.c  >&5
configure:12704: $? = 0
configure:12715: result: yes
configure:12692: checking if /usr/bin/gcc supports flag -Wextra in envvar CFLAGS
configure:12704: /usr/bin/gcc -o conftest -Werror -Wextra -I/workspaces/labsisop-buildroot/output/host/include -L/workspaces/labsisop-buildroot/output/host/lib -Wl,-rpath,/workspaces/labsisop-buildroot/output/host/lib conftest.c  >&5
configure:12704: $? = 0
configure:12715: result: yes
configure:12692: checking if /usr/bin/gcc supports flag -Wno-inline in envvar CFLAGS
configure:12704: /usr/bin/gcc -o conftest -Werror -Winline -I/workspaces/labsisop-buildroot/output/host/include -L/workspaces/labsisop-buildroot/output/host/lib -Wl,-rpath,/workspaces/labsisop-buildroot/output/host/lib conftest.c  >&5
configure:12704: $? = 0
configure:12715: result: yes
configure:12692: checking if /usr/bin/gcc supports flag -Wvla in envvar CFLAGS
configure:12704: /usr/bin/gcc -o conftest -Werror -Wvla -I/workspaces/labsisop-buildroot/output/host/include -L/workspaces/labsisop-buildroot/output/host/lib -Wl,-rpath,/workspaces/labsisop-buildroot/output/host/lib conftest.c  >&5
configure:12704: $? = 0
configure:12715: result: yes
configure:12692: checking if /usr/bin/gcc supports flag -Wundef in envvar CFLAGS
configure:12704: /usr/bin/gcc -o conftest -Werror -Wundef -I/workspaces/labsisop-buildroot/output/host/include -L/workspaces/labsisop-buildroot/output/host/lib -Wl,-rpath,/workspaces/labsisop-buildroot/output/host/lib conftest.c  >&5
configure:12704: $? = 0
configure:12715: result: yes
configure:12692: checking if /usr/bin/gcc supports flag -Wformat=2 in envvar CFLAGS
configure:12704: /usr/bin/gcc -o conftest -Werror -Wformat=2 -I/workspaces/labsisop-buildroot/output/host/include -L/workspaces/labsisop-buildroot/output/host/lib -Wl,-rpath,/workspaces/labsisop-buildroot/output/host/lib conftest.c  >&5
configure:12704: $? = 0
configure:12715: result: yes
configure:12692: checking if /usr/bin/gcc supports flag -Wlogical-op in envvar CFLAGS
configure:12704: /usr/bin/gcc -o conftest -Werror -Wlogical-op -I/workspaces/labsisop-buildroot/output/host/include -L/workspaces/labsisop-buildroot/output/host/lib -Wl,-rpath,/workspaces/labsisop-buildroot/output/host/lib conftest.c  >&5
configure:12704: $? = 0
configure:12715: result: yes
configure:12692: checking if /usr/bin/gcc supports flag -Wsign-compare in envvar CFLAGS
configure:12704: /usr/bin/gcc -o conftest -Werror -Wsign-compare -I/workspaces/labsisop-buildroot/output/host/include -L/workspaces/labsisop-buildroot/output/host/lib -Wl,-rpath,/workspaces/labsisop-buildroot/output/host/lib conftest.c  >&5
configure:12704: $? = 0
configure:12715: result: yes
configure:12692: checking if /usr/bin/gcc supports flag -Wformat-security in envvar CFLAGS
configure:12704: /usr/bin/gcc -o conftest -Werror -Wformat-security -I/workspaces/labsisop-buildroot/output/host/include -L/workspaces/labsisop-buildroot/output/host/lib -Wl,-rpath,/workspaces/labsisop-buildroot/output/host/lib conftest.c  >&5
configure:12704: $? = 0
configure:12715: result: yes
configure:12692: checking if /usr/bin/gcc supports flag -Wmissing-include-dirs in envvar CFLAGS
configure:12704: /usr/bin/gcc -o conftest -Werror -Wmissing-include-dirs -I/workspaces/labsisop-buildroot/output/host/include -L/workspaces/labsisop-buildroot/output/host/lib -Wl,-rpath,/workspaces/labsisop-buildroot/output/host/lib conftest.c  >&5
configure:12704: $? = 0
configure:12715: result: yes
configure:12692: checking if /usr/bin/gcc supports flag -Wformat-nonliteral in envvar CFLAGS
configure:12704: /usr/bin/gcc -o conftest -Werror -Wformat-nonliteral -I/workspaces/labsisop-buildroot/output/host/include -L/workspaces/labsisop-buildroot/output/host/lib -Wl,-rpath,/workspaces/labsisop-buildroot/output/host/lib conftest.c  >&5
configure:12704: $? = 0
configure:12715: result: yes
configure:12692: checking if /usr/bin/gcc supports flag -Wold-style-definition in envvar CFLAGS
configure:12704: /usr/bin/gcc -o conftest -Werror -Wold-style-definition -I/workspaces/labsisop-buildroot/output/host/include -L/workspaces/labsisop-buildroot/output/host/lib -Wl,-rpath,/workspaces/labsisop-buildroot/output/host/lib conftest.c  >&5
configure:12704: $? = 0
configure:12715: result: yes
configure:12692: checking if /usr/bin/gcc supports flag -Wpointer-arith in envvar CFLAGS
configure:12704: /usr/bin/gcc -o conftest -Werror -Wpointer-arith -I/workspaces/labsisop-buildroot/output/host/include -L/workspaces/labsisop-buildroot/output/host/lib -Wl,-rpath,/workspaces/labsisop-buildroot/output/host/lib conftest.c  >&5
configure:12704: $? = 0
configure:12715: result: yes
configure:12692: checking if /usr/bin/gcc supports flag -Winit-self in envvar CFLAGS
configure:12704: /usr/bin/gcc -o conftest -Werror -Winit-self -I/workspaces/labsisop-buildroot/output/host/include -L/workspaces/labsisop-buildroot/output/host/lib -Wl,-rpath,/workspaces/labsisop-buildroot/output/host/lib conftest.c  >&5
configure:12704: $? = 0
configure:12715: result: yes
configure:12692: checking if /usr/bin/gcc supports flag -Wdeclaration-after-statement in envvar CFLAGS
configure:12704: /usr/bin/gcc -o conftest -Werror -Wdeclaration-after-statement -I/workspaces/labsisop-buildroot/output/host/include -L/workspaces/labsisop-buildroot/output/host/lib -Wl,-rpath,/workspaces/labsisop-buildroot/output/host/lib conftest.c  >&5
configure:12704: $? = 0
configure:12715: result: yes
configure:12692: checking if /usr/bin/gcc supports flag -Wfloat-equal in envvar CFLAGS
configure:12704: /usr/bin/gcc -o conftest -Werror -Wfloat-equal -I/workspaces/labsisop-buildroot/output/host/include -L/workspaces/labsisop-buildroot/output/host/lib -Wl,-rpath,/workspaces/labsisop-buildroot/output/host/lib conftest.c  >&5
configure:12704: $? = 0
configure:12715: result: yes
configure:12692: checking if /usr/bin/gcc supports flag -Wmissing-prototypes in envvar CFLAGS
configure:12704: /usr/bin/gcc -o conftest -Werror -Wmissing-prototypes -I/workspaces/labsisop-buildroot/output/host/include -L/workspaces/labsisop-buildroot/output/host/lib -Wl,-rpath,/workspaces/labsisop-buildroot/output/host/lib conftest.c  >&5
configure:12704: $? = 0
configure:12715: result: yes
configure:12692: checking if /usr/bin/gcc supports flag -Wstrict-prototypes in envvar CFLAGS
configure:12704: /usr/bin/gcc -o conftest -Werror -Wstrict-prototypes -I/workspaces/labsisop-buildroot/output/host/include -L/workspaces/labsisop-buildroot/output/host/lib -Wl,-rpath,/workspaces/labsisop-buildroot/output/host/lib conftest.c  >&5
configure:12704: $? = 0
configure:12715: result: yes
configure:12692: checking if /usr/bin/gcc supports flag -Wredundant-decls in envvar CFLAGS
configure:12704: /usr/bin/gcc -o conftest -Werror -Wredundant-decls -I/workspaces/labsisop-buildroot/output/host/include -L/workspaces/labsisop-buildroot/output/host/lib -Wl,-rpath,/workspaces/labsisop-buildroot/output/host/lib conftest.c  >&5
configure:12704: $? = 0
configure:12715: result: yes
configure:12692: checking if /usr/bin/gcc supports flag -Wmissing-declarations in envvar CFLAGS
configure:12704: /usr/bin/gcc -o conftest -Werror -Wmissing-declarations -I/workspaces/labsisop-buildroot/output/host/include -L/workspaces/labsisop-buildroot/output/host/lib -Wl,-rpath,/workspaces/labsisop-buildroot/output/host/lib conftest.c  >&5
configure:12704: $? = 0
configure:12715: result: yes
configure:12692: checking if /usr/bin/gcc supports flag -Wmissing-noreturn in envvar CFLAGS
configure:12704: /usr/bin/gcc -o conftest -Werror -Wmissing-noreturn -I/workspaces/labsisop-buildroot/output/host/include -L/workspaces/labsisop-buildroot/output/host/lib -Wl,-rpath,/workspaces/labsisop-buildroot/output/host/lib conftest.c  >&5
configure:12704: $? = 0
configure:12715: result: yes
configure:12692: checking if /usr/bin/gcc supports flag -Wshadow in envvar CFLAGS
configure:12704: /usr/bin/gcc -o conftest -Werror -Wshadow -I/workspaces/labsisop-buildroot/output/host/include -L/workspaces/labsisop-buildroot/output/host/lib -Wl,-rpath,/workspaces/labsisop-buildroot/output/host/lib conftest.c  >&5
configure:12704: $? = 0
configure:12715: result: yes
configure:12692: checking if /usr/bin/gcc supports flag -Wendif-labels in envvar CFLAGS
configure:12704: /usr/bin/gcc -o conftest -Werror -Wendif-labels -I/workspaces/labsisop-buildroot/output/host/include -L/workspaces/labsisop-buildroot/output/host/lib -Wl,-rpath,/workspaces/labsisop-buildroot/output/host/lib conftest.c  >&5
configure:12704: $? = 0
configure:12715: result: yes
configure:12692: checking if /usr/bin/gcc supports flag -Wstrict-aliasing=3 in envvar CFLAGS
configure:12704: /usr/bin/gcc -o conftest -Werror -Wstrict-aliasing=3 -I/workspaces/labsisop-buildroot/output/host/include -L/workspaces/labsisop-buildroot/output/host/lib -Wl,-rpath,/workspaces/labsisop-buildroot/output/host/lib conftest.c  >&5
configure:12704: $? = 0
configure:12715: result: yes
configure:12692: checking if /usr/bin/gcc supports flag -Wwrite-strings in envvar CFLAGS
configure:12704: /usr/bin/gcc -o conftest -Werror -Wwrite-strings -I/workspaces/labsisop-buildroot/output/host/include -L/workspaces/labsisop-buildroot/output/host/lib -Wl,-rpath,/workspaces/labsisop-buildroot/output/host/lib conftest.c  >&5
configure:12704: $? = 0
configure:12715: result: yes
configure:12692: checking if /usr/bin/gcc supports flag -Wno-long-long in envvar CFLAGS
configure:12704: /usr/bin/gcc -o conftest -Werror -Wlong-long -I/workspaces/labsisop-buildroot/output/host/include -L/workspaces/labsisop-buildroot/output/host/lib -Wl,-rpath,/workspaces/labsisop-buildroot/output/host/lib conftest.c  >&5
configure:12704: $? = 0
configure:12715: result: yes
configure:12692: checking if /usr/bin/gcc supports flag -Wno-overlength-strings in envvar CFLAGS
configure:12704: /usr/bin/gcc -o conftest -Werror -Woverlength-strings -I/workspaces/labsisop-buildroot/output/host/include -L/workspaces/labsisop-buildroot/output/host/lib -Wl,-rpath,/workspaces/labsisop-buildroot/output/host/lib conftest.c  >&5
configure:12704: $? = 0
configure:12715: result: yes
configure:12692: checking if /usr/bin/gcc supports flag -Wno-unused-parameter in envvar CFLAGS
configure:12704: /usr/bin/gcc -o conftest -Werror -Wunused-parameter -I/workspaces/labsisop-buildroot/output/host/include -L/workspaces/labsisop-buildroot/output/host/lib -Wl,-rpath,/workspaces/labsisop-buildroot/output/host/lib conftest.c  >&5
configure:12704: $? = 0
configure:12715: result: yes
configure:12692: checking if /usr/bin/gcc supports flag -Wno-missing-field-initializers in envvar CFLAGS
configure:12704: /usr/bin/gcc -o conftest -Werror -Wmissing-field-initializers -I/workspaces/labsisop-buildroot/output/host/include -L/workspaces/labsisop-buildroot/output/host/lib -Wl,-rpath,/workspaces/labsisop-buildroot/output/host/lib conftest.c  >&5
configure:12704: $? = 0
configure:12715: result: yes
configure:12692: checking if /usr/bin/gcc supports flag -Wno-unused-result in envvar CFLAGS
configure:12704: /usr/bin/gcc -o conftest -Werror -Wunused-result -I/workspaces/labsisop-buildroot/output/host/include -L/workspaces/labsisop-buildroot/output/host/lib -Wl,-rpath,/workspaces/labsisop-buildroot/output/host/lib conftest.c  >&5
configure:12704: $? = 0
configure:12715: result: yes
configure:12692: checking if /usr/bin/gcc supports flag -Wnested-externs in envvar CFLAGS
configure:12704: /usr/bin/gcc -o conftest -Werror -Wnested-externs -I/workspaces/labsisop-buildroot/output/host/include -L/workspaces/labsisop-buildroot/output/host/lib -Wl,-rpath,/workspaces/labsisop-buildroot/output/host/lib conftest.c  >&5
configure:12704: $? = 0
configure:12715: result: yes
configure:12692: checking if /usr/bin/gcc supports flag -Wchar-subscripts in envvar CFLAGS
configure:12704: /usr/bin/gcc -o conftest -Werror -Wchar-subscripts -I/workspaces/labsisop-buildroot/output/host/include -L/workspaces/labsisop-buildroot/output/host/lib -Wl,-rpath,/workspaces/labsisop-buildroot/output/host/lib conftest.c  >&5
configure:12704: $? = 0
configure:12715: result: yes
configure:12692: checking if /usr/bin/gcc supports flag -Wtype-limits in envvar CFLAGS
configure:12704: /usr/bin/gcc -o conftest -Werror -Wtype-limits -I/workspaces/labsisop-buildroot/output/host/include -L/workspaces/labsisop-buildroot/output/host/lib -Wl,-rpath,/workspaces/labsisop-buildroot/output/host/lib conftest.c  >&5
configure:12704: $? = 0
configure:12715: result: yes
configure:12692: checking if /usr/bin/gcc supports flag -Wuninitialized in envvar CFLAGS
configure:12704: /usr/bin/gcc -o conftest -Werror -Wuninitialized -I/workspaces/labsisop-buildroot/output/host/include -L/workspaces/labsisop-buildroot/output/host/lib -Wl,-rpath,/workspaces/labsisop-buildroot/output/host/lib conftest.c  >&5
configure:12704: $? = 0
configure:12715: result: yes
configure:12692: checking if /usr/bin/gcc supports flag -fno-common in envvar CFLAGS
configure:12704: /usr/bin/gcc -o conftest -Werror -fno-common -I/workspaces/labsisop-buildroot/output/host/include -L/workspaces/labsisop-buildroot/output/host/lib -Wl,-rpath,/workspaces/labsisop-buildroot/output/host/lib conftest.c  >&5
configure:12704: $? = 0
configure:12715: result: yes
configure:12692: checking if /usr/bin/gcc supports flag -fdiagnostics-show-option in envvar CFLAGS
configure:12704: /usr/bin/gcc -o conftest -Werror -fdiagnostics-show-option -I/workspaces/labsisop-buildroot/output/host/include -L/workspaces/labsisop-buildroot/output/host/lib -Wl,-rpath,/workspaces/labsisop-buildroot/output/host/lib conftest.c  >&5
configure:12704: $? = 0
configure:12715: result: yes
configure:12692: checking if /usr/bin/gcc supports flag -fvisibility=hidden in envvar CFLAGS
configure:12704: /usr/bin/gcc -o conftest -Werror -fvisibility=hidden -I/workspaces/labsisop-buildroot/output/host/include -L/workspaces/labsisop-buildroot/output/host/lib -Wl,-rpath,/workspaces/labsisop-buildroot/output/host/lib conftest.c  >&5
configure:12704: $? = 0
configure:12715: result: yes
configure:12692: checking if /usr/bin/gcc supports flag -ffunction-sections in envvar CFLAGS
configure:12704: /usr/bin/gcc -o conftest -Werror -ffunction-sections -I/workspaces/labsisop-buildroot/output/host/include -L/workspaces/labsisop-buildroot/output/host/lib -Wl,-rpath,/workspaces/labsisop-buildroot/output/host/lib conftest.c  >&5
configure:12704: $? = 0
configure:12715: result: yes
configure:12692: checking if /usr/bin/gcc supports flag -fdata-sections in envvar CFLAGS
configure:12704: /usr/bin/gcc -o conftest -Werror -fdata-sections -I/workspaces/labsisop-buildroot/output/host/include -L/workspaces/labsisop-buildroot/output/host/lib -Wl,-rpath,/workspaces/labsisop-buildroot/output/host/lib conftest.c  >&5
configure:12704: $? = 0
configure:12715: result: yes
configure:12735: checking if /usr/bin/gcc supports flag -Wl,--as-needed in envvar LDFLAGS
configure:12747: /usr/bin/gcc -o conftest -O2 -I/workspaces/labsisop-buildroot/output/host/include -I/workspaces/labsisop-buildroot/output/host/include -Werror -Wl,--as-needed conftest.c  >&5
configure:12747: $? = 0
configure:12758: result: yes
configure:12735: checking if /usr/bin/gcc supports flag -Wl,--no-undefined in envvar LDFLAGS
configure:12747: /usr/bin/gcc -o conftest -O2 -I/workspaces/labsisop-buildroot/output/host/include -I/workspaces/labsisop-buildroot/output/host/include -Werror -Wl,--no-undefined conftest.c  >&5
configure:12747: $? = 0
configure:12758: result: yes
configure:12735: checking if /usr/bin/gcc supports flag -Wl,--gc-sections in envvar LDFLAGS
configure:12747: /usr/bin/gcc -o conftest -O2 -I/workspaces/labsisop-buildroot/output/host/include -I/workspaces/labsisop-buildroot/output/host/include -Werror -Wl,--gc-sections conftest.c  >&5
configure:12747: $? = 0
configure:12758: result: yes
configure:12890: checking that generated files are newer than configure
configure:12896: result: done
configure:12971: creating ./config.status

## ---------------------- ##
## Running config.status. ##
## ---------------------- ##

This file was extended by kmod config.status 30, which was
generated by GNU Autoconf 2.71.  Invocation command line was

  CONFIG_FILES    = 
  CONFIG_HEADERS  = 
  CONFIG_LINKS    = 
  CONFIG_COMMANDS = 
  $ ./config.status 

on codespaces-1ee735

config.status:1183: creating Makefile
config.status:1183: creating man/Makefile
config.status:1183: creating libkmod/docs/Makefile
config.status:1183: creating libkmod/docs/version.xml
config.status:1183: creating config.h
config.status:1412: executing depfiles commands
config.status:1412: executing libtool commands
configure:15120: WARNING: unrecognized options: --disable-doc, --disable-docs, --disable-documentation, --with-xmlto, --with-fop, --disable-nls
configure:15124: result:
	kmod 30
	=======

	prefix:			/workspaces/labsisop-buildroot/output/host
	sysconfdir:		/workspaces/labsisop-buildroot/output/host/etc
	libdir:			${exec_prefix}/lib
	rootlibdir:		${exec_prefix}/lib
	includedir:		${prefix}/include
	bindir:			${exec_prefix}/bin
	Bash completions dir:   ${datarootdir}/bash-completion/completions

	compiler:		/usr/bin/gcc
	cflags:			 -pipe -DANOTHER_BRICK_IN_THE -Wall -W -Wextra -Wno-inline -Wvla -Wundef -Wformat=2 -Wlogical-op -Wsign-compare -Wformat-security -Wmissing-include-dirs -Wformat-nonliteral -Wold-style-definition -Wpointer-arith -Winit-self -Wdeclaration-after-statement -Wfloat-equal -Wmissing-prototypes -Wstrict-prototypes -Wredundant-decls -Wmissing-declarations -Wmissing-noreturn -Wshadow -Wendif-labels -Wstrict-aliasing=3 -Wwrite-strings -Wno-long-long -Wno-overlength-strings -Wno-unused-parameter -Wno-missing-field-initializers -Wno-unused-result -Wnested-externs -Wchar-subscripts -Wtype-limits -Wuninitialized -fno-common -fdiagnostics-show-option -fvisibility=hidden -ffunction-sections -fdata-sections -O2 -I/workspaces/labsisop-buildroot/output/host/include
	ldflags:		 -Wl,--as-needed -Wl,--no-undefined -Wl,--gc-sections -L/workspaces/labsisop-buildroot/output/host/lib -Wl,-rpath,/workspaces/labsisop-buildroot/output/host/lib

	experimental features:  no
	tools:			yes
	python bindings:	no
	logging:		yes
	compression:		zstd=no  xz=no  zlib=no
	debug:			no
	coverage:		no
	doc:			no
	man:			no
	test-modules:           yes

	features:               -ZSTD -XZ -ZLIB -LIBCRYPTO -EXPERIMENTAL


## ---------------- ##
## Cache variables. ##
## ---------------- ##

ac_cv_build=x86_64-pc-linux-gnu
ac_cv_c_compiler_gnu=yes
ac_cv_c_undeclared_builtin_options='none needed'
ac_cv_env_CC_set=set
ac_cv_env_CC_value=/usr/bin/gcc
ac_cv_env_CFLAGS_set=set
ac_cv_env_CFLAGS_value='-O2 -I/workspaces/labsisop-buildroot/output/host/include'
ac_cv_env_CPPFLAGS_set=set
ac_cv_env_CPPFLAGS_value=-I/workspaces/labsisop-buildroot/output/host/include
ac_cv_env_GTKDOC_DEPS_CFLAGS_set=
ac_cv_env_GTKDOC_DEPS_CFLAGS_value=
ac_cv_env_GTKDOC_DEPS_LIBS_set=
ac_cv_env_GTKDOC_DEPS_LIBS_value=
ac_cv_env_LDFLAGS_set=set
ac_cv_env_LDFLAGS_value='-L/workspaces/labsisop-buildroot/output/host/lib -Wl,-rpath,/workspaces/labsisop-buildroot/output/host/lib'
ac_cv_env_LIBS_set=
ac_cv_env_LIBS_value=
ac_cv_env_LT_SYS_LIBRARY_PATH_set=
ac_cv_env_LT_SYS_LIBRARY_PATH_value=
ac_cv_env_PKG_CONFIG_LIBDIR_set=set
ac_cv_env_PKG_CONFIG_LIBDIR_value=/workspaces/labsisop-buildroot/output/host/lib/pkgconfig:/workspaces/labsisop-buildroot/output/host/share/pkgconfig
ac_cv_env_PKG_CONFIG_PATH_set=
ac_cv_env_PKG_CONFIG_PATH_value=
ac_cv_env_PKG_CONFIG_set=set
ac_cv_env_PKG_CONFIG_value=/workspaces/labsisop-buildroot/output/host/bin/pkg-config
ac_cv_env_PYTHON_CFLAGS_set=
ac_cv_env_PYTHON_CFLAGS_value=
ac_cv_env_PYTHON_LIBS_set=
ac_cv_env_PYTHON_LIBS_value=
ac_cv_env_PYTHON_set=
ac_cv_env_PYTHON_value=
ac_cv_env_build_alias_set=
ac_cv_env_build_alias_value=
ac_cv_env_host_alias_set=
ac_cv_env_host_alias_value=
ac_cv_env_libcrypto_CFLAGS_set=
ac_cv_env_libcrypto_CFLAGS_value=
ac_cv_env_libcrypto_LIBS_set=
ac_cv_env_libcrypto_LIBS_value=
ac_cv_env_liblzma_CFLAGS_set=
ac_cv_env_liblzma_CFLAGS_value=
ac_cv_env_liblzma_LIBS_set=
ac_cv_env_liblzma_LIBS_value=
ac_cv_env_libzstd_CFLAGS_set=
ac_cv_env_libzstd_CFLAGS_value=
ac_cv_env_libzstd_LIBS_set=
ac_cv_env_libzstd_LIBS_value=
ac_cv_env_target_alias_set=
ac_cv_env_target_alias_value=
ac_cv_env_zlib_CFLAGS_set=
ac_cv_env_zlib_CFLAGS_value=
ac_cv_env_zlib_LIBS_set=
ac_cv_env_zlib_LIBS_value=
ac_cv_func___secure_getenv=no
ac_cv_func___xstat=yes
ac_cv_func_finit_module=no
ac_cv_func_secure_getenv=yes
ac_cv_have_decl_be32toh=yes
ac_cv_have_decl_strndupa=yes
ac_cv_header_dlfcn_h=yes
ac_cv_header_inttypes_h=yes
ac_cv_header_linux_module_h=yes
ac_cv_header_minix_config_h=no
ac_cv_header_stdint_h=yes
ac_cv_header_stdio_h=yes
ac_cv_header_stdlib_h=yes
ac_cv_header_string_h=yes
ac_cv_header_strings_h=yes
ac_cv_header_sys_stat_h=yes
ac_cv_header_sys_types_h=yes
ac_cv_header_unistd_h=yes
ac_cv_header_wchar_h=yes
ac_cv_host=x86_64-pc-linux-gnu
ac_cv_member_struct_stat_st_mtim=yes
ac_cv_objext=o
ac_cv_path_EGREP='/usr/bin/grep -E'
ac_cv_path_FGREP='/usr/bin/grep -F'
ac_cv_path_GREP=/usr/bin/grep
ac_cv_path_SED=/usr/bin/sed
ac_cv_path_install='/usr/bin/install -c'
ac_cv_path_lt_DD=/usr/bin/dd
ac_cv_path_mkdir=/usr/bin/mkdir
ac_cv_prog_AWK=gawk
ac_cv_prog_ac_ct_CC=/usr/bin/gcc
ac_cv_prog_ac_ct_FILECMD=file
ac_cv_prog_ac_ct_MANIFEST_TOOL=mt
ac_cv_prog_ac_ct_OBJDUMP=objdump
ac_cv_prog_ac_ct_RANLIB=/usr/bin/ranlib
ac_cv_prog_ac_ct_STRIP=strip
ac_cv_prog_cc_c11=
ac_cv_prog_cc_g=yes
ac_cv_prog_cc_stdc=
ac_cv_prog_make_make_set=yes
ac_cv_safe_to_define___extensions__=yes
ac_cv_should_define__xopen_source=no
ac_cv_sys_file_offset_bits=no
ac_cv_sys_largefile_CC=no
am_cv_CC_dependencies_compiler_type=none
am_cv_make_support_nested_variables=yes
am_cv_prog_cc_c_o=yes
am_cv_prog_tar_pax=gnutar
cc_cv_CFLAGS__DANOTHER_BRICK_IN_THE=yes
cc_cv_CFLAGS__W=yes
cc_cv_CFLAGS__Wall=yes
cc_cv_CFLAGS__Wchar_subscripts=yes
cc_cv_CFLAGS__Wdeclaration_after_statement=yes
cc_cv_CFLAGS__Wendif_labels=yes
cc_cv_CFLAGS__Wextra=yes
cc_cv_CFLAGS__Wfloat_equal=yes
cc_cv_CFLAGS__Wformat_2=yes
cc_cv_CFLAGS__Wformat_nonliteral=yes
cc_cv_CFLAGS__Wformat_security=yes
cc_cv_CFLAGS__Winit_self=yes
cc_cv_CFLAGS__Wlogical_op=yes
cc_cv_CFLAGS__Wmissing_declarations=yes
cc_cv_CFLAGS__Wmissing_include_dirs=yes
cc_cv_CFLAGS__Wmissing_noreturn=yes
cc_cv_CFLAGS__Wmissing_prototypes=yes
cc_cv_CFLAGS__Wnested_externs=yes
cc_cv_CFLAGS__Wno_inline=yes
cc_cv_CFLAGS__Wno_long_long=yes
cc_cv_CFLAGS__Wno_missing_field_initializers=yes
cc_cv_CFLAGS__Wno_overlength_strings=yes
cc_cv_CFLAGS__Wno_unused_parameter=yes
cc_cv_CFLAGS__Wno_unused_result=yes
cc_cv_CFLAGS__Wold_style_definition=yes
cc_cv_CFLAGS__Wpointer_arith=yes
cc_cv_CFLAGS__Wredundant_decls=yes
cc_cv_CFLAGS__Wshadow=yes
cc_cv_CFLAGS__Wsign_compare=yes
cc_cv_CFLAGS__Wstrict_aliasing_3=yes
cc_cv_CFLAGS__Wstrict_prototypes=yes
cc_cv_CFLAGS__Wtype_limits=yes
cc_cv_CFLAGS__Wundef=yes
cc_cv_CFLAGS__Wuninitialized=yes
cc_cv_CFLAGS__Wvla=yes
cc_cv_CFLAGS__Wwrite_strings=yes
cc_cv_CFLAGS__fdata_sections=yes
cc_cv_CFLAGS__fdiagnostics_show_option=yes
cc_cv_CFLAGS__ffunction_sections=yes
cc_cv_CFLAGS__fno_common=yes
cc_cv_CFLAGS__fvisibility_hidden=yes
cc_cv_CFLAGS__pipe=yes
cc_cv_LDFLAGS__Wl___as_needed=yes
cc_cv_LDFLAGS__Wl___gc_sections=yes
cc_cv_LDFLAGS__Wl___no_undefined=yes
cc_cv_have___builtin_clz=yes
cc_cv_have___builtin_types_compatible_p=yes
cc_cv_have___builtin_uaddl_overflow=yes
cc_cv_have___builtin_uaddll_overflow=yes
lt_cv_ar_at_file=@
lt_cv_archive_cmds_need_lc=no
lt_cv_deplibs_check_method=pass_all
lt_cv_file_magic_cmd='$MAGIC_CMD'
lt_cv_file_magic_test_file=
lt_cv_ld_reload_flag=-r
lt_cv_nm_interface='BSD nm'
lt_cv_objdir=.libs
lt_cv_path_LD=/usr/bin/ld
lt_cv_path_NM=/usr/bin/nm
lt_cv_path_mainfest_tool=no
lt_cv_prog_compiler_c_o=yes
lt_cv_prog_compiler_pic='-fPIC -DPIC'
lt_cv_prog_compiler_pic_works=yes
lt_cv_prog_compiler_rtti_exceptions=no
lt_cv_prog_compiler_static_works=yes
lt_cv_prog_gnu_ld=yes
lt_cv_sharedlib_from_linklib_cmd='printf %s\n'
lt_cv_shlibpath_overrides_runpath=yes
lt_cv_sys_global_symbol_pipe='/usr/bin/sed -n -e '\''s/^.*[	 ]\([ABCDGIRSTW][ABCDGIRSTW]*\)[	 ][	 ]*\([_A-Za-z][_A-Za-z0-9]*\)$/\1 \2 \2/p'\'' | /usr/bin/sed '\''/ __gnu_lto/d'\'''
lt_cv_sys_global_symbol_to_c_name_address='/usr/bin/sed -n -e '\''s/^: \(.*\) .*$/  {"\1", (void *) 0},/p'\'' -e '\''s/^[ABCDGIRSTW][ABCDGIRSTW]* .* \(.*\)$/  {"\1", (void *) \&\1},/p'\'''
lt_cv_sys_global_symbol_to_c_name_address_lib_prefix='/usr/bin/sed -n -e '\''s/^: \(.*\) .*$/  {"\1", (void *) 0},/p'\'' -e '\''s/^[ABCDGIRSTW][ABCDGIRSTW]* .* \(lib.*\)$/  {"\1", (void *) \&\1},/p'\'' -e '\''s/^[ABCDGIRSTW][ABCDGIRSTW]* .* \(.*\)$/  {"lib\1", (void *) \&\1},/p'\'''
lt_cv_sys_global_symbol_to_cdecl='/usr/bin/sed -n -e '\''s/^T .* \(.*\)$/extern int \1();/p'\'' -e '\''s/^[ABCDGIRSTW][ABCDGIRSTW]* .* \(.*\)$/extern char \1;/p'\'''
lt_cv_sys_global_symbol_to_import=
lt_cv_sys_max_cmd_len=1572864
lt_cv_to_host_file_cmd=func_convert_file_noop
lt_cv_to_tool_file_cmd=func_convert_file_noop
lt_cv_truncate_bin='/usr/bin/dd bs=4096 count=1'

## ----------------- ##
## Output variables. ##
## ----------------- ##

ACLOCAL='${SHELL} '\''/workspaces/labsisop-buildroot/output/build/host-kmod-30/build-aux/missing'\'' aclocal-1.16'
AMDEPBACKSLASH=''
AMDEP_FALSE=''
AMDEP_TRUE='#'
AMTAR='$${TAR-tar}'
AM_BACKSLASH='\'
AM_DEFAULT_V='$(AM_DEFAULT_VERBOSITY)'
AM_DEFAULT_VERBOSITY='0'
AM_V='$(V)'
AR='/usr/bin/ar'
AUTOCONF='${SHELL} '\''/workspaces/labsisop-buildroot/output/build/host-kmod-30/build-aux/missing'\'' autoconf'
AUTOHEADER='${SHELL} '\''/workspaces/labsisop-buildroot/output/build/host-kmod-30/build-aux/missing'\'' autoheader'
AUTOMAKE='${SHELL} '\''/workspaces/labsisop-buildroot/output/build/host-kmod-30/build-aux/missing'\'' automake-1.16'
AWK='gawk'
BUILD_EXPERIMENTAL_FALSE=''
BUILD_EXPERIMENTAL_TRUE='#'
BUILD_MANPAGES_FALSE=''
BUILD_MANPAGES_TRUE='#'
BUILD_MODULES_FALSE='#'
BUILD_MODULES_TRUE=''
BUILD_PYTHON_FALSE=''
BUILD_PYTHON_TRUE='#'
BUILD_TOOLS_FALSE='#'
BUILD_TOOLS_TRUE=''
CC='/usr/bin/gcc'
CCDEPMODE='depmode=none'
CFLAGS='-O2 -I/workspaces/labsisop-buildroot/output/host/include'
CPPFLAGS='-I/workspaces/labsisop-buildroot/output/host/include'
CSCOPE='cscope'
CTAGS='ctags'
CYGPATH_W='echo'
CYTHON=''
DEFS='-DHAVE_CONFIG_H'
DEPDIR='.deps'
DLLTOOL='false'
DSYMUTIL=''
DUMPBIN=''
ECHO_C=''
ECHO_N='-n'
ECHO_T=''
EGREP='/usr/bin/grep -E'
ENABLE_COVERAGE_FALSE=''
ENABLE_COVERAGE_TRUE='#'
ENABLE_GTK_DOC_FALSE=''
ENABLE_GTK_DOC_TRUE='#'
ETAGS='etags'
EXEEXT=''
FGREP='/usr/bin/grep -F'
FILECMD='file'
GREP='/usr/bin/grep'
GTKDOC_CHECK=''
GTKDOC_CHECK_PATH=''
GTKDOC_DEPS_CFLAGS=''
GTKDOC_DEPS_LIBS=''
GTKDOC_MKPDF=''
GTKDOC_REBASE='true'
GTK_DOC_BUILD_HTML_FALSE=''
GTK_DOC_BUILD_HTML_TRUE='#'
GTK_DOC_BUILD_PDF_FALSE=''
GTK_DOC_BUILD_PDF_TRUE='#'
GTK_DOC_USE_LIBTOOL_FALSE='#'
GTK_DOC_USE_LIBTOOL_TRUE=''
GTK_DOC_USE_REBASE_FALSE='#'
GTK_DOC_USE_REBASE_TRUE=''
HAVE_GTK_DOC_FALSE=''
HAVE_GTK_DOC_TRUE='#'
HTML_DIR='${datadir}/gtk-doc/html'
INSTALL_DATA='${INSTALL} -m 644'
INSTALL_PROGRAM='${INSTALL}'
INSTALL_SCRIPT='${INSTALL}'
INSTALL_STRIP_PROGRAM='$(install_sh) -c -s'
KMOD_SYSCONFDIR_NOT_ETC_FALSE='#'
KMOD_SYSCONFDIR_NOT_ETC_TRUE=''
LD='/usr/bin/ld -m elf_x86_64'
LDFLAGS='-L/workspaces/labsisop-buildroot/output/host/lib -Wl,-rpath,/workspaces/labsisop-buildroot/output/host/lib'
LIBOBJS=''
LIBS=''
LIBTOOL='$(SHELL) $(top_builddir)/libtool'
LIPO=''
LN_S='ln -s'
LTLIBOBJS=''
LT_SYS_LIBRARY_PATH=''
MAINT=''
MAINTAINER_MODE_FALSE='#'
MAINTAINER_MODE_TRUE=''
MAKEINFO='${SHELL} '\''/workspaces/labsisop-buildroot/output/build/host-kmod-30/build-aux/missing'\'' makeinfo'
MANIFEST_TOOL=':'
MKDIR_P='/usr/bin/mkdir -p'
MKOSI=''
NM='/usr/bin/nm'
NMEDIT=''
OBJDUMP='objdump'
OBJEXT='o'
OTOOL64=''
OTOOL=''
OUR_CFLAGS=' -pipe -DANOTHER_BRICK_IN_THE -Wall -W -Wextra -Wno-inline -Wvla -Wundef -Wformat=2 -Wlogical-op -Wsign-compare -Wformat-security -Wmissing-include-dirs -Wformat-nonliteral -Wold-style-definition -Wpointer-arith -Winit-self -Wdeclaration-after-statement -Wfloat-equal -Wmissing-prototypes -Wstrict-prototypes -Wredundant-decls -Wmissing-declarations -Wmissing-noreturn -Wshadow -Wendif-labels -Wstrict-aliasing=3 -Wwrite-strings -Wno-long-long -Wno-overlength-strings -Wno-unused-parameter -Wno-missing-field-initializers -Wno-unused-result -Wnested-externs -Wchar-subscripts -Wtype-limits -Wuninitialized -fno-common -fdiagnostics-show-option -fvisibility=hidden -ffunction-sections -fdata-sections '
OUR_LDFLAGS=' -Wl,--as-needed -Wl,--no-undefined -Wl,--gc-sections'
PACKAGE='kmod'
PACKAGE_BUGREPORT='linux-modules@vger.kernel.org'
PACKAGE_NAME='kmod'
PACKAGE_STRING='kmod 30'
PACKAGE_TARNAME='kmod'
PACKAGE_URL='http://git.kernel.org/?p=utils/kernel/kmod/kmod.git'
PACKAGE_VERSION='30'
PATH_SEPARATOR=':'
PKG_CONFIG='/workspaces/labsisop-buildroot/output/host/bin/pkg-config'
PKG_CONFIG_LIBDIR='/workspaces/labsisop-buildroot/output/host/lib/pkgconfig:/workspaces/labsisop-buildroot/output/host/share/pkgconfig'
PKG_CONFIG_PATH=''
PYTHON=''
PYTHON_CFLAGS=''
PYTHON_EXEC_PREFIX=''
PYTHON_LIBS=''
PYTHON_PLATFORM=''
PYTHON_PREFIX=''
PYTHON_VERSION=''
RANLIB='/usr/bin/ranlib'
SED='/usr/bin/sed'
SET_MAKE=''
SHELL='/bin/bash'
STRIP='strip'
VERSION='30'
XSLTPROC=''
ac_ct_AR=''
ac_ct_CC='/usr/bin/gcc'
ac_ct_DUMPBIN=''
am__EXEEXT_FALSE=''
am__EXEEXT_TRUE='#'
am__fastdepCC_FALSE=''
am__fastdepCC_TRUE='#'
am__include='include'
am__isrc=''
am__leading_dot='.'
am__nodep=''
am__quote=''
am__tar='tar --format=posix -chf - "$$tardir"'
am__untar='tar -xf -'
bashcompletiondir='${datarootdir}/bash-completion/completions'
bindir='${exec_prefix}/bin'
build='x86_64-pc-linux-gnu'
build_alias=''
build_cpu='x86_64'
build_os='linux-gnu'
build_vendor='pc'
datadir='${datarootdir}'
datarootdir='${prefix}/share'
docdir='${datarootdir}/doc/${PACKAGE_TARNAME}'
dvidir='${docdir}'
exec_prefix='${prefix}'
have_coverage=''
host='x86_64-pc-linux-gnu'
host_alias=''
host_cpu='x86_64'
host_os='linux-gnu'
host_vendor='pc'
htmldir='${docdir}'
includedir='${prefix}/include'
infodir='${datarootdir}/info'
install_sh='${SHELL} /workspaces/labsisop-buildroot/output/build/host-kmod-30/build-aux/install-sh'
libcrypto_CFLAGS=''
libcrypto_LIBS=''
libdir='${exec_prefix}/lib'
libexecdir='${exec_prefix}/libexec'
liblzma_CFLAGS=''
liblzma_LIBS=''
libzstd_CFLAGS=''
libzstd_LIBS=''
localedir='${datarootdir}/locale'
localstatedir='/workspaces/labsisop-buildroot/output/host/var'
mandir='${datarootdir}/man'
mkdir_p='$(MKDIR_P)'
oldincludedir='/usr/include'
pdfdir='${docdir}'
pkgpyexecdir=''
pkgpythondir=''
prefix='/workspaces/labsisop-buildroot/output/host'
program_transform_name='s,x,x,'
psdir='${docdir}'
pyexecdir=''
pythondir=''
rootlibdir='${exec_prefix}/lib'
runstatedir='${localstatedir}/run'
sbindir='${exec_prefix}/sbin'
sharedstatedir='${prefix}/com'
sysconfdir='/workspaces/labsisop-buildroot/output/host/etc'
target_alias=''
zlib_CFLAGS=''
zlib_LIBS=''

## ----------- ##
## confdefs.h. ##
## ----------- ##

/* confdefs.h */
#define PACKAGE_NAME "kmod"
#define PACKAGE_TARNAME "kmod"
#define PACKAGE_VERSION "30"
#define PACKAGE_STRING "kmod 30"
#define PACKAGE_BUGREPORT "linux-modules@vger.kernel.org"
#define PACKAGE_URL "http://git.kernel.org/?p=utils/kernel/kmod/kmod.git"
#define HAVE_STDIO_H 1
#define HAVE_STDLIB_H 1
#define HAVE_STRING_H 1
#define HAVE_INTTYPES_H 1
#define HAVE_STDINT_H 1
#define HAVE_STRINGS_H 1
#define HAVE_SYS_STAT_H 1
#define HAVE_SYS_TYPES_H 1
#define HAVE_UNISTD_H 1
#define HAVE_WCHAR_H 1
#define HAVE_LINUX_MODULE_H 1
#define STDC_HEADERS 1
#define _ALL_SOURCE 1
#define _DARWIN_C_SOURCE 1
#define _GNU_SOURCE 1
#define _HPUX_ALT_XOPEN_SOCKET_API 1
#define _NETBSD_SOURCE 1
#define _OPENBSD_SOURCE 1
#define _POSIX_PTHREAD_SEMANTICS 1
#define __STDC_WANT_IEC_60559_ATTRIBS_EXT__ 1
#define __STDC_WANT_IEC_60559_BFP_EXT__ 1
#define __STDC_WANT_IEC_60559_DFP_EXT__ 1
#define __STDC_WANT_IEC_60559_FUNCS_EXT__ 1
#define __STDC_WANT_IEC_60559_TYPES_EXT__ 1
#define __STDC_WANT_LIB_EXT2__ 1
#define __STDC_WANT_MATH_SPEC_FUNCS__ 1
#define _TANDEM_SOURCE 1
#define __EXTENSIONS__ 1
#define PACKAGE "kmod"
#define VERSION "30"
#define HAVE_DLFCN_H 1
#define LT_OBJDIR ".libs/"
#define HAVE___XSTAT 1
#define HAVE_SECURE_GETENV 1
#define HAVE___BUILTIN_CLZ 1
#define HAVE___BUILTIN_TYPES_COMPATIBLE_P 1
#define HAVE___BUILTIN_UADDL_OVERFLOW 1
#define HAVE___BUILTIN_UADDLL_OVERFLOW 1
#define HAVE_STRUCT_STAT_ST_MTIM 1
#define HAVE_DECL_STRNDUPA 1
#define HAVE_DECL_BE32TOH 1
#define HAVE_STATIC_ASSERT 1
#define HAVE_NORETURN 1
#define ENABLE_LOGGING 1
#define KMOD_FEATURES "-ZSTD -XZ -ZLIB -LIBCRYPTO -EXPERIMENTAL"

configure: exit 0
