This file contains any messages produced by compilers while
running configure, to aid debugging if configure makes a mistake.

It was created by MPFR configure 4.1.1, which was
generated by GNU Autoconf 2.71.  Invocation command line was

  $ ./configure --prefix=/workspaces/labsisop-buildroot/output/host --sysconfdir=/workspaces/labsisop-buildroot/output/host/etc --localstatedir=/workspaces/labsisop-buildroot/output/host/var --enable-shared --disable-static --disable-gtk-doc --disable-gtk-doc-html --disable-doc --disable-docs --disable-documentation --disable-debug --with-xmlto=no --with-fop=no --disable-nls --disable-dependency-tracking

## --------- ##
## Platform. ##
## --------- ##

hostname = codespaces-1ee735
uname -m = x86_64
uname -r = 6.8.0-1027-azure
uname -s = Linux
uname -v = #32~22.04.1-Ubuntu SMP Thu Apr  3 20:26:27 UTC 2025

/usr/bin/uname -p = x86_64
/bin/uname -X     = unknown

/bin/arch              = x86_64
/usr/bin/arch -k       = unknown
/usr/convex/getsysinfo = unknown
/usr/bin/hostinfo      = unknown
/bin/machine           = unknown
/usr/bin/oslevel       = unknown
/bin/universe          = unknown

PATH: /workspaces/labsisop-buildroot/output/host/bin/
PATH: /workspaces/labsisop-buildroot/output/host/sbin/
PATH: /usr/local/rvm/gems/ruby-3.3.4/bin/
PATH: /usr/local/rvm/gems/ruby-3.3.4@global/bin/
PATH: /usr/local/rvm/rubies/ruby-3.3.4/bin/
PATH: /vscode/bin/linux-x64/19e0f9e681ecb8e5c09d8784acaa601316ca4571/bin/remote-cli/
PATH: /home/codespace/.local/bin/
PATH: /home/codespace/.dotnet/
PATH: /home/codespace/nvm/current/bin/
PATH: /home/codespace/.php/current/bin/
PATH: /home/codespace/.python/current/bin/
PATH: /home/codespace/java/current/bin/
PATH: /home/codespace/.ruby/current/bin/
PATH: /home/codespace/.local/bin/
PATH: /usr/local/python/current/bin/
PATH: /usr/local/py-utils/bin/
PATH: /usr/local/jupyter/
PATH: /usr/local/oryx/
PATH: /usr/local/go/bin/
PATH: /go/bin/
PATH: /usr/local/sdkman/bin/
PATH: /usr/local/sdkman/candidates/java/current/bin/
PATH: /usr/local/sdkman/candidates/gradle/current/bin/
PATH: /usr/local/sdkman/candidates/maven/current/bin/
PATH: /usr/local/sdkman/candidates/ant/current/bin/
PATH: /usr/local/rvm/gems/default/bin/
PATH: /usr/local/rvm/gems/default@global/bin/
PATH: /usr/local/rvm/rubies/default/bin/
PATH: /usr/local/share/rbenv/bin/
PATH: /usr/local/php/current/bin/
PATH: /opt/conda/bin/
PATH: /usr/local/nvs/
PATH: /usr/local/share/nvm/versions/node/v20.19.0/bin/
PATH: /usr/local/hugo/bin/
PATH: /usr/local/sbin/
PATH: /usr/local/bin/
PATH: /usr/sbin/
PATH: /usr/bin/
PATH: /sbin/
PATH: /bin/
PATH: /usr/share/dotnet/
PATH: /home/codespace/.dotnet/tools/
PATH: /usr/local/rvm/bin/


## ----------- ##
## Core tests. ##
## ----------- ##

configure:2862: looking for aux files: ltmain.sh ar-lib compile missing install-sh config.guess config.sub
configure:2875:  trying ./
configure:2904:   ./ltmain.sh found
configure:2904:   ./ar-lib found
configure:2904:   ./compile found
configure:2904:   ./missing found
configure:2886:   ./install-sh found
configure:2904:   ./config.guess found
configure:2904:   ./config.sub found
configure:3023: checking build system type
configure:3038: result: x86_64-pc-linux-gnu
configure:3058: checking host system type
configure:3072: result: x86_64-pc-linux-gnu
configure:3110: checking for a BSD-compatible install
configure:3183: result: /usr/bin/install -c
configure:3194: checking whether build environment is sane
configure:3249: result: yes
configure:3406: checking for a race-free mkdir -p
configure:3450: result: /usr/bin/mkdir -p
configure:3457: checking for gawk
configure:3478: found /workspaces/labsisop-buildroot/output/host/bin/gawk
configure:3489: result: gawk
configure:3500: checking whether make sets $(MAKE)
configure:3523: result: yes
configure:3553: checking whether make supports nested variables
configure:3571: result: yes
configure:3703: checking whether to enable maintainer-specific portions of Makefiles
configure:3713: result: yes
configure:3737: checking for grep that handles long lines and -e
configure:3801: result: /usr/bin/grep
configure:3806: checking for egrep
configure:3874: result: /usr/bin/grep -E
configure:3879: checking for a sed that does not truncate output
configure:3949: result: /usr/bin/sed
configure:4366: checking whether configure options are compatible
configure:4389: result: yes
configure:4521: checking for gcc
configure:4553: result: /usr/bin/gcc
configure:4906: checking for C compiler version
configure:4915: /usr/bin/gcc --version >&5
gcc (Ubuntu 9.4.0-1ubuntu1~20.04.2) 9.4.0
Copyright (C) 2019 Free Software Foundation, Inc.
This is free software; see the source for copying conditions.  There is NO
warranty; not even for MERCHANTABILITY or FITNESS FOR A PARTICULAR PURPOSE.

configure:4926: $? = 0
configure:4915: /usr/bin/gcc -v >&5
Using built-in specs.
COLLECT_GCC=/usr/bin/gcc
COLLECT_LTO_WRAPPER=/usr/lib/gcc/x86_64-linux-gnu/9/lto-wrapper
OFFLOAD_TARGET_NAMES=nvptx-none:hsa
OFFLOAD_TARGET_DEFAULT=1
Target: x86_64-linux-gnu
Configured with: ../src/configure -v --with-pkgversion='Ubuntu 9.4.0-1ubuntu1~20.04.2' --with-bugurl=file:///usr/share/doc/gcc-9/README.Bugs --enable-languages=c,ada,c++,go,brig,d,fortran,objc,obj-c++,gm2 --prefix=/usr --with-gcc-major-version-only --program-suffix=-9 --program-prefix=x86_64-linux-gnu- --enable-shared --enable-linker-build-id --libexecdir=/usr/lib --without-included-gettext --enable-threads=posix --libdir=/usr/lib --enable-nls --enable-clocale=gnu --enable-libstdcxx-debug --enable-libstdcxx-time=yes --with-default-libstdcxx-abi=new --enable-gnu-unique-object --disable-vtable-verify --enable-plugin --enable-default-pie --with-system-zlib --with-target-system-zlib=auto --enable-objc-gc=auto --enable-multiarch --disable-werror --with-arch-32=i686 --with-abi=m64 --with-multilib-list=m32,m64,mx32 --enable-multilib --with-tune=generic --enable-offload-targets=nvptx-none=/build/gcc-9-9QDOt0/gcc-9-9.4.0/debian/tmp-nvptx/usr,hsa --without-cuda-driver --enable-checking=release --build=x86_64-linux-gnu --host=x86_64-linux-gnu --target=x86_64-linux-gnu
Thread model: posix
gcc version 9.4.0 (Ubuntu 9.4.0-1ubuntu1~20.04.2) 
configure:4926: $? = 0
configure:4915: /usr/bin/gcc -V >&5
gcc: error: unrecognized command line option '-V'
gcc: fatal error: no input files
compilation terminated.
configure:4926: $? = 1
configure:4915: /usr/bin/gcc -qversion >&5
gcc: error: unrecognized command line option '-qversion'; did you mean '--version'?
gcc: fatal error: no input files
compilation terminated.
configure:4926: $? = 1
configure:4915: /usr/bin/gcc -version >&5
gcc: error: unrecognized command line option '-version'
gcc: fatal error: no input files
compilation terminated.
configure:4926: $? = 1
configure:4946: checking whether the C compiler works
configure:4968: /usr/bin/gcc -O2 -I/workspaces/labsisop-buildroot/output/host/include -I/workspaces/labsisop-buildroot/output/host/include -L/workspaces/labsisop-buildroot/output/host/lib -Wl,-rpath,/workspaces/labsisop-buildroot/output/host/lib conftest.c  >&5
configure:4972: $? = 0
configure:5022: result: yes
configure:5025: checking for C compiler default output file name
configure:5027: result: a.out
configure:5033: checking for suffix of executables
configure:5040: /usr/bin/gcc -o conftest -O2 -I/workspaces/labsisop-buildroot/output/host/include -I/workspaces/labsisop-buildroot/output/host/include -L/workspaces/labsisop-buildroot/output/host/lib -Wl,-rpath,/workspaces/labsisop-buildroot/output/host/lib conftest.c  >&5
configure:5044: $? = 0
configure:5067: result: 
configure:5089: checking whether we are cross compiling
configure:5097: /usr/bin/gcc -o conftest -O2 -I/workspaces/labsisop-buildroot/output/host/include -I/workspaces/labsisop-buildroot/output/host/include -L/workspaces/labsisop-buildroot/output/host/lib -Wl,-rpath,/workspaces/labsisop-buildroot/output/host/lib conftest.c  >&5
configure:5101: $? = 0
configure:5108: ./conftest
configure:5112: $? = 0
configure:5100: result: no
configure:5105: checking for suffix of object files
configure:5128: /usr/bin/gcc -c -O2 -I/workspaces/labsisop-buildroot/output/host/include -I/workspaces/labsisop-buildroot/output/host/include conftest.c >&5
configure:5132: $? = 0
configure:5154: result: o
configure:5158: checking whether the compiler supports GNU C
configure:5178: /usr/bin/gcc -c -O2 -I/workspaces/labsisop-buildroot/output/host/include -I/workspaces/labsisop-buildroot/output/host/include conftest.c >&5
configure:5178: $? = 0
configure:5188: result: yes
configure:5199: checking whether /usr/bin/gcc accepts -g
configure:5220: /usr/bin/gcc -c -g -I/workspaces/labsisop-buildroot/output/host/include conftest.c >&5
configure:5220: $? = 0
configure:5264: result: yes
configure:5284: checking for /usr/bin/gcc option to enable C11 features
configure:5299: /usr/bin/gcc  -c -O2 -I/workspaces/labsisop-buildroot/output/host/include -I/workspaces/labsisop-buildroot/output/host/include conftest.c >&5
configure:5299: $? = 0
configure:5317: result: none needed
configure:5433: checking whether /usr/bin/gcc understands -c and -o together
configure:5456: /usr/bin/gcc -c conftest.c -o conftest2.o
configure:5459: $? = 0
configure:5456: /usr/bin/gcc -c conftest.c -o conftest2.o
configure:5459: $? = 0
configure:5471: result: yes
configure:5491: checking whether make supports the include directive
configure:5506: make -f confmf.GNU && cat confinc.out
make[1]: Entering directory '/workspaces/labsisop-buildroot/output/build/host-mpfr-4.1.1'
make[1]: Leaving directory '/workspaces/labsisop-buildroot/output/build/host-mpfr-4.1.1'
this is the am__doit target
configure:5509: $? = 0
configure:5528: result: yes (GNU style)
configure:5554: checking dependency style of /usr/bin/gcc
configure:5666: result: none
configure:5686: checking how to run the C preprocessor
configure:5754: result: /usr/bin/cpp
configure:5768: /usr/bin/cpp -I/workspaces/labsisop-buildroot/output/host/include conftest.c
configure:5768: $? = 0
configure:5783: /usr/bin/cpp -I/workspaces/labsisop-buildroot/output/host/include conftest.c
conftest.c:9:10: fatal error: ac_nonexistent.h: No such file or directory
    9 | #include <ac_nonexistent.h>
      |          ^~~~~~~~~~~~~~~~~~
compilation terminated.
configure:5783: $? = 1
configure: failed program was:
| /* confdefs.h */
| #define PACKAGE_NAME "MPFR"
| #define PACKAGE_TARNAME "mpfr"
| #define PACKAGE_VERSION "4.1.1"
| #define PACKAGE_STRING "MPFR 4.1.1"
| #define PACKAGE_BUGREPORT ""
| #define PACKAGE_URL ""
| /* end confdefs.h.  */
| #include <ac_nonexistent.h>
configure:5934: checking the archiver (/usr/bin/ar) interface
configure:5951: /usr/bin/gcc -c -O2 -I/workspaces/labsisop-buildroot/output/host/include -I/workspaces/labsisop-buildroot/output/host/include conftest.c >&5
configure:5951: $? = 0
configure:5954: /usr/bin/ar cru libconftest.a conftest.o >&5
/usr/bin/ar: `u' modifier ignored since `D' is the default (see `U')
configure:5957: $? = 0
configure:5956: result: ar
configure:6024: checking how to print strings
configure:6051: result: printf
configure:6072: checking for a sed that does not truncate output
configure:6142: result: /usr/bin/sed
configure:6160: checking for fgrep
configure:6228: result: /usr/bin/grep -F
configure:6264: checking for ld used by /usr/bin/gcc
configure:6332: result: /usr/bin/ld
configure:6339: checking if the linker (/usr/bin/ld) is GNU ld
configure:6355: result: yes
configure:6367: checking for BSD- or MS-compatible name lister (nm)
configure:6422: result: /usr/bin/nm
configure:6562: checking the name lister (/usr/bin/nm) interface
configure:6570: /usr/bin/gcc -c -O2 -I/workspaces/labsisop-buildroot/output/host/include -I/workspaces/labsisop-buildroot/output/host/include conftest.c >&5
configure:6573: /usr/bin/nm "conftest.o"
configure:6576: output
0000000000000000 B some_variable
configure:6577: result: BSD nm
configure:6580: checking whether ln -s works
configure:6584: result: yes
configure:6592: checking the maximum length of command line arguments
configure:6724: result: 1572864
configure:6772: checking how to convert x86_64-pc-linux-gnu file names to x86_64-pc-linux-gnu format
configure:6813: result: func_convert_file_noop
configure:6820: checking how to convert x86_64-pc-linux-gnu file names to toolchain format
configure:6841: result: func_convert_file_noop
configure:6848: checking for /usr/bin/ld option to reload object files
configure:6856: result: -r
configure:6935: checking for file
configure:6956: found /usr/bin/file
configure:6967: result: file
configure:7043: checking for objdump
configure:7064: found /usr/bin/objdump
configure:7075: result: objdump
configure:7104: checking how to recognize dependent libraries
configure:7305: result: pass_all
configure:7395: checking for dlltool
configure:7430: result: no
configure:7457: checking how to associate runtime and link libraries
configure:7485: result: printf %s\n
configure:7635: checking for archiver @FILE support
configure:7653: /usr/bin/gcc -c -O2 -I/workspaces/labsisop-buildroot/output/host/include -I/workspaces/labsisop-buildroot/output/host/include conftest.c >&5
configure:7653: $? = 0
configure:7657: /usr/bin/ar cr libconftest.a @conftest.lst >&5
configure:7660: $? = 0
configure:7665: /usr/bin/ar cr libconftest.a @conftest.lst >&5
/usr/bin/ar: conftest.o: No such file or directory
configure:7668: $? = 1
configure:7667: result: @
configure:7730: checking for strip
configure:7751: found /usr/bin/strip
configure:7762: result: strip
configure:7839: checking for ranlib
configure:7871: result: /usr/bin/ranlib
configure:7973: checking command to parse /usr/bin/nm output from /usr/bin/gcc object
configure:8127: /usr/bin/gcc -c -O2 -I/workspaces/labsisop-buildroot/output/host/include -I/workspaces/labsisop-buildroot/output/host/include conftest.c >&5
configure:8130: $? = 0
configure:8134: /usr/bin/nm conftest.o | /usr/bin/sed -n -e 's/^.*[	 ]\([ABCDGIRSTW][ABCDGIRSTW]*\)[	 ][	 ]*\([_A-Za-z][_A-Za-z0-9]*\)$/\1 \2 \2/p' | /usr/bin/sed '/ __gnu_lto/d' > conftest.nm
configure:8200: /usr/bin/gcc -o conftest -O2 -I/workspaces/labsisop-buildroot/output/host/include -I/workspaces/labsisop-buildroot/output/host/include -L/workspaces/labsisop-buildroot/output/host/lib -Wl,-rpath,/workspaces/labsisop-buildroot/output/host/lib conftest.c conftstm.o >&5
configure:8203: $? = 0
configure:8241: result: ok
configure:8288: checking for sysroot
configure:8319: result: no
configure:8326: checking for a working dd
configure:8370: result: /usr/bin/dd
configure:8374: checking how to truncate binary pipes
configure:8390: result: /usr/bin/dd bs=4096 count=1
configure:8527: /usr/bin/gcc -c -O2 -I/workspaces/labsisop-buildroot/output/host/include -I/workspaces/labsisop-buildroot/output/host/include conftest.c >&5
configure:8530: $? = 0
configure:8727: checking for mt
configure:8748: found /usr/bin/mt
configure:8759: result: mt
configure:8782: checking if mt is a manifest tool
configure:8789: mt '-?'
configure:8797: result: no
configure:9522: checking for stdio.h
configure:9522: /usr/bin/gcc -c -O2 -I/workspaces/labsisop-buildroot/output/host/include -I/workspaces/labsisop-buildroot/output/host/include conftest.c >&5
configure:9522: $? = 0
configure:9522: result: yes
configure:9522: checking for stdlib.h
configure:9522: /usr/bin/gcc -c -O2 -I/workspaces/labsisop-buildroot/output/host/include -I/workspaces/labsisop-buildroot/output/host/include conftest.c >&5
configure:9522: $? = 0
configure:9522: result: yes
configure:9522: checking for string.h
configure:9522: /usr/bin/gcc -c -O2 -I/workspaces/labsisop-buildroot/output/host/include -I/workspaces/labsisop-buildroot/output/host/include conftest.c >&5
configure:9522: $? = 0
configure:9522: result: yes
configure:9522: checking for inttypes.h
configure:9522: /usr/bin/gcc -c -O2 -I/workspaces/labsisop-buildroot/output/host/include -I/workspaces/labsisop-buildroot/output/host/include conftest.c >&5
configure:9522: $? = 0
configure:9522: result: yes
configure:9522: checking for stdint.h
configure:9522: /usr/bin/gcc -c -O2 -I/workspaces/labsisop-buildroot/output/host/include -I/workspaces/labsisop-buildroot/output/host/include conftest.c >&5
configure:9522: $? = 0
configure:9522: result: yes
configure:9522: checking for strings.h
configure:9522: /usr/bin/gcc -c -O2 -I/workspaces/labsisop-buildroot/output/host/include -I/workspaces/labsisop-buildroot/output/host/include conftest.c >&5
configure:9522: $? = 0
configure:9522: result: yes
configure:9522: checking for sys/stat.h
configure:9522: /usr/bin/gcc -c -O2 -I/workspaces/labsisop-buildroot/output/host/include -I/workspaces/labsisop-buildroot/output/host/include conftest.c >&5
configure:9522: $? = 0
configure:9522: result: yes
configure:9522: checking for sys/types.h
configure:9522: /usr/bin/gcc -c -O2 -I/workspaces/labsisop-buildroot/output/host/include -I/workspaces/labsisop-buildroot/output/host/include conftest.c >&5
configure:9522: $? = 0
configure:9522: result: yes
configure:9522: checking for unistd.h
configure:9522: /usr/bin/gcc -c -O2 -I/workspaces/labsisop-buildroot/output/host/include -I/workspaces/labsisop-buildroot/output/host/include conftest.c >&5
configure:9522: $? = 0
configure:9522: result: yes
configure:9547: checking for dlfcn.h
configure:9547: /usr/bin/gcc -c -O2 -I/workspaces/labsisop-buildroot/output/host/include -I/workspaces/labsisop-buildroot/output/host/include conftest.c >&5
configure:9547: $? = 0
configure:9547: result: yes
configure:10134: checking for objdir
configure:10150: result: .libs
configure:10414: checking if /usr/bin/gcc supports -fno-rtti -fno-exceptions
configure:10433: /usr/bin/gcc -c -O2 -I/workspaces/labsisop-buildroot/output/host/include -I/workspaces/labsisop-buildroot/output/host/include -fno-rtti -fno-exceptions conftest.c >&5
cc1: warning: command line option '-fno-rtti' is valid for C++/D/ObjC++ but not for C
configure:10437: $? = 0
configure:10450: result: no
configure:10814: checking for /usr/bin/gcc option to produce PIC
configure:10822: result: -fPIC -DPIC
configure:10830: checking if /usr/bin/gcc PIC flag -fPIC -DPIC works
configure:10849: /usr/bin/gcc -c -O2 -I/workspaces/labsisop-buildroot/output/host/include -I/workspaces/labsisop-buildroot/output/host/include -fPIC -DPIC -DPIC conftest.c >&5
configure:10853: $? = 0
configure:10866: result: yes
configure:10895: checking if /usr/bin/gcc static flag -static works
configure:10924: result: yes
configure:10939: checking if /usr/bin/gcc supports -c -o file.o
configure:10961: /usr/bin/gcc -c -O2 -I/workspaces/labsisop-buildroot/output/host/include -I/workspaces/labsisop-buildroot/output/host/include -o out/conftest2.o conftest.c >&5
configure:10965: $? = 0
configure:10987: result: yes
configure:10995: checking if /usr/bin/gcc supports -c -o file.o
configure:11043: result: yes
configure:11076: checking whether the /usr/bin/gcc linker (/usr/bin/ld -m elf_x86_64) supports shared libraries
configure:12350: result: yes
configure:12387: checking whether -lc should be explicitly linked in
configure:12396: /usr/bin/gcc -c -O2 -I/workspaces/labsisop-buildroot/output/host/include -I/workspaces/labsisop-buildroot/output/host/include conftest.c >&5
configure:12399: $? = 0
configure:12414: /usr/bin/gcc -shared  -fPIC -DPIC conftest.o  -v -Wl,-soname -Wl,conftest -o conftest 2\>\&1 \| /usr/bin/grep  -lc  \>/dev/null 2\>\&1
configure:12417: $? = 0
configure:12431: result: no
configure:12591: checking dynamic linker characteristics
configure:13173: /usr/bin/gcc -o conftest -O2 -I/workspaces/labsisop-buildroot/output/host/include -I/workspaces/labsisop-buildroot/output/host/include -L/workspaces/labsisop-buildroot/output/host/lib -Wl,-rpath,/workspaces/labsisop-buildroot/output/host/lib -Wl,-rpath -Wl,/foo conftest.c  >&5
configure:13173: $? = 0
configure:13424: result: GNU/Linux ld.so
configure:13546: checking how to hardcode library paths into programs
configure:13571: result: immediate
configure:14138: checking whether stripping libraries is possible
configure:14147: result: yes
configure:14189: checking if libtool supports shared libraries
configure:14191: result: yes
configure:14194: checking whether to build shared libraries
configure:14219: result: yes
configure:14222: checking whether to build static libraries
configure:14226: result: no
configure:10994: checking for non-MS-Windows ICC
configure:11012: /usr/bin/gcc -c -O2 -I/workspaces/labsisop-buildroot/output/host/include -I/workspaces/labsisop-buildroot/output/host/include conftest.c >&5
conftest.c:23:3: error: #error "Not a non-MS-Windows ICC"
   23 | # error "Not a non-MS-Windows ICC"
      |   ^~~~~
conftest.c:24:6: error: expected ';' before 'int'
   24 | error
      |      ^
      |      ;
......
   27 | int
      | ~~~   
configure:11012: $? = 1
configure: failed program was:
| /* confdefs.h */
| #define PACKAGE_NAME "MPFR"
| #define PACKAGE_TARNAME "mpfr"
| #define PACKAGE_VERSION "4.1.1"
| #define PACKAGE_STRING "MPFR 4.1.1"
| #define PACKAGE_BUGREPORT ""
| #define PACKAGE_URL ""
| #define HAVE_STDIO_H 1
| #define HAVE_STDLIB_H 1
| #define HAVE_STRING_H 1
| #define HAVE_INTTYPES_H 1
| #define HAVE_STDINT_H 1
| #define HAVE_STRINGS_H 1
| #define HAVE_SYS_STAT_H 1
| #define HAVE_SYS_TYPES_H 1
| #define HAVE_UNISTD_H 1
| #define STDC_HEADERS 1
| #define HAVE_DLFCN_H 1
| #define LT_OBJDIR ".libs/"
| /* end confdefs.h.  */
| 
| #if (!defined(__ICC) && !defined(__INTEL_COMPILER)) || defined(_WIN32)
| # error "Not a non-MS-Windows ICC"
| error
| #endif
| 
| int
| main (void)
| {
| 
|   ;
|   return 0;
| }
configure:11020: result: no
configure:11100: checking for an ANSI C-conforming const
configure:11167: /usr/bin/gcc -c -O2 -I/workspaces/labsisop-buildroot/output/host/include -I/workspaces/labsisop-buildroot/output/host/include conftest.c >&5
configure:11167: $? = 0
configure:11175: result: yes
configure:11183: checking for working volatile
configure:11203: /usr/bin/gcc -c -O2 -I/workspaces/labsisop-buildroot/output/host/include -I/workspaces/labsisop-buildroot/output/host/include conftest.c >&5
configure:11203: $? = 0
configure:11211: result: yes
configure:11219: checking whether byte ordering is bigendian
configure:11235: /usr/bin/gcc -c -O2 -I/workspaces/labsisop-buildroot/output/host/include -I/workspaces/labsisop-buildroot/output/host/include conftest.c >&5
conftest.c:22:9: error: unknown type name 'not'
   22 |         not a universal capable compiler
      |         ^~~
conftest.c:22:15: error: expected '=', ',', ';', 'asm' or '__attribute__' before 'universal'
   22 |         not a universal capable compiler
      |               ^~~~~~~~~
conftest.c:22:15: error: unknown type name 'universal'
configure:11235: $? = 1
configure: failed program was:
| /* confdefs.h */
| #define PACKAGE_NAME "MPFR"
| #define PACKAGE_TARNAME "mpfr"
| #define PACKAGE_VERSION "4.1.1"
| #define PACKAGE_STRING "MPFR 4.1.1"
| #define PACKAGE_BUGREPORT ""
| #define PACKAGE_URL ""
| #define HAVE_STDIO_H 1
| #define HAVE_STDLIB_H 1
| #define HAVE_STRING_H 1
| #define HAVE_INTTYPES_H 1
| #define HAVE_STDINT_H 1
| #define HAVE_STRINGS_H 1
| #define HAVE_SYS_STAT_H 1
| #define HAVE_SYS_TYPES_H 1
| #define HAVE_UNISTD_H 1
| #define STDC_HEADERS 1
| #define HAVE_DLFCN_H 1
| #define LT_OBJDIR ".libs/"
| /* end confdefs.h.  */
| #ifndef __APPLE_CC__
| 	       not a universal capable compiler
| 	     #endif
| 	     typedef int dummy;
| 
configure:11281: /usr/bin/gcc -c -O2 -I/workspaces/labsisop-buildroot/output/host/include -I/workspaces/labsisop-buildroot/output/host/include conftest.c >&5
configure:11281: $? = 0
configure:11300: /usr/bin/gcc -c -O2 -I/workspaces/labsisop-buildroot/output/host/include -I/workspaces/labsisop-buildroot/output/host/include conftest.c >&5
conftest.c: In function 'main':
conftest.c:28:4: error: unknown type name 'not'; did you mean 'ino_t'?
   28 |    not big endian
      |    ^~~
      |    ino_t
conftest.c:28:12: error: expected '=', ',', ';', 'asm' or '__attribute__' before 'endian'
   28 |    not big endian
      |            ^~~~~~
configure:11300: $? = 1
configure: failed program was:
| /* confdefs.h */
| #define PACKAGE_NAME "MPFR"
| #define PACKAGE_TARNAME "mpfr"
| #define PACKAGE_VERSION "4.1.1"
| #define PACKAGE_STRING "MPFR 4.1.1"
| #define PACKAGE_BUGREPORT ""
| #define PACKAGE_URL ""
| #define HAVE_STDIO_H 1
| #define HAVE_STDLIB_H 1
| #define HAVE_STRING_H 1
| #define HAVE_INTTYPES_H 1
| #define HAVE_STDINT_H 1
| #define HAVE_STRINGS_H 1
| #define HAVE_SYS_STAT_H 1
| #define HAVE_SYS_TYPES_H 1
| #define HAVE_UNISTD_H 1
| #define STDC_HEADERS 1
| #define HAVE_DLFCN_H 1
| #define LT_OBJDIR ".libs/"
| /* end confdefs.h.  */
| #include <sys/types.h>
| 		#include <sys/param.h>
| 
| int
| main (void)
| {
| #if BYTE_ORDER != BIG_ENDIAN
| 		 not big endian
| 		#endif
| 
|   ;
|   return 0;
| }
configure:11434: result: no
configure:11457: checking for library containing clock_gettime
configure:11490: /usr/bin/gcc -o conftest -O2 -I/workspaces/labsisop-buildroot/output/host/include -I/workspaces/labsisop-buildroot/output/host/include -L/workspaces/labsisop-buildroot/output/host/lib -Wl,-rpath,/workspaces/labsisop-buildroot/output/host/lib conftest.c  >&5
configure:11490: $? = 0
configure:11510: result: none required
configure:11703: /usr/bin/gcc -o conftest -O2 -I/workspaces/labsisop-buildroot/output/host/include -I/workspaces/labsisop-buildroot/output/host/include -L/workspaces/labsisop-buildroot/output/host/lib -Wl,-rpath,/workspaces/labsisop-buildroot/output/host/lib conftest.c -lm  >&5
configure:11703: $? = 0
configure:11733: /usr/bin/gcc -o conftest -O2 -I/workspaces/labsisop-buildroot/output/host/include -I/workspaces/labsisop-buildroot/output/host/include -L/workspaces/labsisop-buildroot/output/host/lib -Wl,-rpath,/workspaces/labsisop-buildroot/output/host/lib conftest.c -lquadmath  >&5
configure:11733: $? = 0
configure:11745: checking for size_t
configure:11745: /usr/bin/gcc -c -O2 -I/workspaces/labsisop-buildroot/output/host/include -I/workspaces/labsisop-buildroot/output/host/include conftest.c >&5
configure:11745: $? = 0
configure:11745: /usr/bin/gcc -c -O2 -I/workspaces/labsisop-buildroot/output/host/include -I/workspaces/labsisop-buildroot/output/host/include conftest.c >&5
conftest.c: In function 'main':
conftest.c:54:21: error: expected expression before ')' token
   54 | if (sizeof ((size_t)))
      |                     ^
configure:11745: $? = 1
configure: failed program was:
| /* confdefs.h */
| #define PACKAGE_NAME "MPFR"
| #define PACKAGE_TARNAME "mpfr"
| #define PACKAGE_VERSION "4.1.1"
| #define PACKAGE_STRING "MPFR 4.1.1"
| #define PACKAGE_BUGREPORT ""
| #define PACKAGE_URL ""
| #define HAVE_STDIO_H 1
| #define HAVE_STDLIB_H 1
| #define HAVE_STRING_H 1
| #define HAVE_INTTYPES_H 1
| #define HAVE_STDINT_H 1
| #define HAVE_STRINGS_H 1
| #define HAVE_SYS_STAT_H 1
| #define HAVE_SYS_TYPES_H 1
| #define HAVE_UNISTD_H 1
| #define STDC_HEADERS 1
| #define HAVE_DLFCN_H 1
| #define LT_OBJDIR ".libs/"
| #define HAVE_LITTLE_ENDIAN 1
| #define HAVE_CLOCK_GETTIME 1
| /* end confdefs.h.  */
| #include <stddef.h>
| #ifdef HAVE_STDIO_H
| # include <stdio.h>
| #endif
| #ifdef HAVE_STDLIB_H
| # include <stdlib.h>
| #endif
| #ifdef HAVE_STRING_H
| # include <string.h>
| #endif
| #ifdef HAVE_INTTYPES_H
| # include <inttypes.h>
| #endif
| #ifdef HAVE_STDINT_H
| # include <stdint.h>
| #endif
| #ifdef HAVE_STRINGS_H
| # include <strings.h>
| #endif
| #ifdef HAVE_SYS_TYPES_H
| # include <sys/types.h>
| #endif
| #ifdef HAVE_SYS_STAT_H
| # include <sys/stat.h>
| #endif
| #ifdef HAVE_UNISTD_H
| # include <unistd.h>
| #endif
| int
| main (void)
| {
| if (sizeof ((size_t)))
| 	    return 0;
|   ;
|   return 0;
| }
configure:11745: result: yes
configure:12641: checking for limits.h
configure:12641: /usr/bin/gcc -c -O2 -I/workspaces/labsisop-buildroot/output/host/include -I/workspaces/labsisop-buildroot/output/host/include conftest.c >&5
configure:12641: $? = 0
configure:12641: result: yes
configure:12649: checking for float.h
configure:12649: /usr/bin/gcc -c -O2 -I/workspaces/labsisop-buildroot/output/host/include -I/workspaces/labsisop-buildroot/output/host/include conftest.c >&5
configure:12649: $? = 0
configure:12649: result: yes
configure:12657: checking for string.h
configure:12657: result: yes
configure:12666: checking for locale.h
configure:12666: /usr/bin/gcc -c -O2 -I/workspaces/labsisop-buildroot/output/host/include -I/workspaces/labsisop-buildroot/output/host/include conftest.c >&5
configure:12666: $? = 0
configure:12666: result: yes
configure:12674: checking for wchar.h
configure:12674: /usr/bin/gcc -c -O2 -I/workspaces/labsisop-buildroot/output/host/include -I/workspaces/labsisop-buildroot/output/host/include conftest.c >&5
configure:12674: $? = 0
configure:12674: result: yes
configure:12682: checking for stdarg.h
configure:12682: /usr/bin/gcc -c -O2 -I/workspaces/labsisop-buildroot/output/host/include -I/workspaces/labsisop-buildroot/output/host/include conftest.c >&5
configure:12682: $? = 0
configure:12682: result: yes
configure:12700: checking for sys/fpu.h
configure:12700: /usr/bin/gcc -c -O2 -I/workspaces/labsisop-buildroot/output/host/include -I/workspaces/labsisop-buildroot/output/host/include conftest.c >&5
conftest.c:54:10: fatal error: sys/fpu.h: No such file or directory
   54 | #include <sys/fpu.h>
      |          ^~~~~~~~~~~
compilation terminated.
configure:12700: $? = 1
configure: failed program was:
| /* confdefs.h */
| #define PACKAGE_NAME "MPFR"
| #define PACKAGE_TARNAME "mpfr"
| #define PACKAGE_VERSION "4.1.1"
| #define PACKAGE_STRING "MPFR 4.1.1"
| #define PACKAGE_BUGREPORT ""
| #define PACKAGE_URL ""
| #define HAVE_STDIO_H 1
| #define HAVE_STDLIB_H 1
| #define HAVE_STRING_H 1
| #define HAVE_INTTYPES_H 1
| #define HAVE_STDINT_H 1
| #define HAVE_STRINGS_H 1
| #define HAVE_SYS_STAT_H 1
| #define HAVE_SYS_TYPES_H 1
| #define HAVE_UNISTD_H 1
| #define STDC_HEADERS 1
| #define HAVE_DLFCN_H 1
| #define LT_OBJDIR ".libs/"
| #define HAVE_LITTLE_ENDIAN 1
| #define HAVE_CLOCK_GETTIME 1
| #define HAVE_LOCALE_H 1
| #define HAVE_WCHAR_H 1
| #define HAVE_STDARG 1
| /* end confdefs.h.  */
| #include <stddef.h>
| #ifdef HAVE_STDIO_H
| # include <stdio.h>
| #endif
| #ifdef HAVE_STDLIB_H
| # include <stdlib.h>
| #endif
| #ifdef HAVE_STRING_H
| # include <string.h>
| #endif
| #ifdef HAVE_INTTYPES_H
| # include <inttypes.h>
| #endif
| #ifdef HAVE_STDINT_H
| # include <stdint.h>
| #endif
| #ifdef HAVE_STRINGS_H
| # include <strings.h>
| #endif
| #ifdef HAVE_SYS_TYPES_H
| # include <sys/types.h>
| #endif
| #ifdef HAVE_SYS_STAT_H
| # include <sys/stat.h>
| #endif
| #ifdef HAVE_UNISTD_H
| # include <unistd.h>
| #endif
| #include <sys/fpu.h>
configure:12700: result: no
configure:12708: checking for struct lconv.decimal_point
configure:12708: /usr/bin/gcc -c -O2 -I/workspaces/labsisop-buildroot/output/host/include -I/workspaces/labsisop-buildroot/output/host/include conftest.c >&5
configure:12708: $? = 0
configure:12708: result: yes
configure:12717: checking for struct lconv.thousands_sep
configure:12717: /usr/bin/gcc -c -O2 -I/workspaces/labsisop-buildroot/output/host/include -I/workspaces/labsisop-buildroot/output/host/include conftest.c >&5
configure:12717: $? = 0
configure:12717: result: yes
configure:12730: checking for working alloca.h
configure:12748: /usr/bin/gcc -o conftest -O2 -I/workspaces/labsisop-buildroot/output/host/include -I/workspaces/labsisop-buildroot/output/host/include -L/workspaces/labsisop-buildroot/output/host/lib -Wl,-rpath,/workspaces/labsisop-buildroot/output/host/lib conftest.c  >&5
configure:12748: $? = 0
configure:12757: result: yes
configure:12765: checking for alloca
configure:12810: result: yes
configure:12879: checking for uintptr_t
configure:12879: /usr/bin/gcc -c -O2 -I/workspaces/labsisop-buildroot/output/host/include -I/workspaces/labsisop-buildroot/output/host/include conftest.c >&5
configure:12879: $? = 0
configure:12879: /usr/bin/gcc -c -O2 -I/workspaces/labsisop-buildroot/output/host/include -I/workspaces/labsisop-buildroot/output/host/include conftest.c >&5
conftest.c: In function 'main':
conftest.c:61:24: error: expected expression before ')' token
   61 | if (sizeof ((uintptr_t)))
      |                        ^
configure:12879: $? = 1
configure: failed program was:
| /* confdefs.h */
| #define PACKAGE_NAME "MPFR"
| #define PACKAGE_TARNAME "mpfr"
| #define PACKAGE_VERSION "4.1.1"
| #define PACKAGE_STRING "MPFR 4.1.1"
| #define PACKAGE_BUGREPORT ""
| #define PACKAGE_URL ""
| #define HAVE_STDIO_H 1
| #define HAVE_STDLIB_H 1
| #define HAVE_STRING_H 1
| #define HAVE_INTTYPES_H 1
| #define HAVE_STDINT_H 1
| #define HAVE_STRINGS_H 1
| #define HAVE_SYS_STAT_H 1
| #define HAVE_SYS_TYPES_H 1
| #define HAVE_UNISTD_H 1
| #define STDC_HEADERS 1
| #define HAVE_DLFCN_H 1
| #define LT_OBJDIR ".libs/"
| #define HAVE_LITTLE_ENDIAN 1
| #define HAVE_CLOCK_GETTIME 1
| #define HAVE_LOCALE_H 1
| #define HAVE_WCHAR_H 1
| #define HAVE_STDARG 1
| #define HAVE_STRUCT_LCONV_DECIMAL_POINT 1
| #define HAVE_STRUCT_LCONV_THOUSANDS_SEP 1
| #define HAVE_ALLOCA_H 1
| #define HAVE_ALLOCA 1
| /* end confdefs.h.  */
| #include <stddef.h>
| #ifdef HAVE_STDIO_H
| # include <stdio.h>
| #endif
| #ifdef HAVE_STDLIB_H
| # include <stdlib.h>
| #endif
| #ifdef HAVE_STRING_H
| # include <string.h>
| #endif
| #ifdef HAVE_INTTYPES_H
| # include <inttypes.h>
| #endif
| #ifdef HAVE_STDINT_H
| # include <stdint.h>
| #endif
| #ifdef HAVE_STRINGS_H
| # include <strings.h>
| #endif
| #ifdef HAVE_SYS_TYPES_H
| # include <sys/types.h>
| #endif
| #ifdef HAVE_SYS_STAT_H
| # include <sys/stat.h>
| #endif
| #ifdef HAVE_UNISTD_H
| # include <unistd.h>
| #endif
| int
| main (void)
| {
| if (sizeof ((uintptr_t)))
| 	    return 0;
|   ;
|   return 0;
| }
configure:12879: result: yes
configure:12916: checking how to copy va_list
configure:12934: /usr/bin/gcc -o conftest -O2 -I/workspaces/labsisop-buildroot/output/host/include -I/workspaces/labsisop-buildroot/output/host/include -L/workspaces/labsisop-buildroot/output/host/lib -Wl,-rpath,/workspaces/labsisop-buildroot/output/host/lib conftest.c  >&5
configure:12934: $? = 0
configure:12937: result: va_copy
configure:12976: checking for setlocale
configure:12976: /usr/bin/gcc -o conftest  -O2 -I/workspaces/labsisop-buildroot/output/host/include -I/workspaces/labsisop-buildroot/output/host/include -L/workspaces/labsisop-buildroot/output/host/lib -Wl,-rpath,/workspaces/labsisop-buildroot/output/host/lib conftest.c  >&5
configure:12976: $? = 0
configure:12976: result: yes
configure:12982: checking for gettimeofday
configure:12982: /usr/bin/gcc -o conftest  -O2 -I/workspaces/labsisop-buildroot/output/host/include -I/workspaces/labsisop-buildroot/output/host/include -L/workspaces/labsisop-buildroot/output/host/lib -Wl,-rpath,/workspaces/labsisop-buildroot/output/host/lib conftest.c  >&5
configure:12982: $? = 0
configure:12982: result: yes
configure:12988: checking for signal
configure:12988: /usr/bin/gcc -o conftest  -O2 -I/workspaces/labsisop-buildroot/output/host/include -I/workspaces/labsisop-buildroot/output/host/include -L/workspaces/labsisop-buildroot/output/host/lib -Wl,-rpath,/workspaces/labsisop-buildroot/output/host/lib conftest.c  >&5
configure:12988: $? = 0
configure:12988: result: yes
configure:12997: checking for sigaction and its associated structure
configure:13016: /usr/bin/gcc -o conftest -O2 -I/workspaces/labsisop-buildroot/output/host/include -I/workspaces/labsisop-buildroot/output/host/include -L/workspaces/labsisop-buildroot/output/host/lib -Wl,-rpath,/workspaces/labsisop-buildroot/output/host/lib conftest.c  >&5
configure:13016: $? = 0
configure:13019: result: yes
configure:13032: checking for long long int
configure:13032: /usr/bin/gcc -c -O2 -I/workspaces/labsisop-buildroot/output/host/include -I/workspaces/labsisop-buildroot/output/host/include conftest.c >&5
configure:13032: $? = 0
configure:13032: /usr/bin/gcc -c -O2 -I/workspaces/labsisop-buildroot/output/host/include -I/workspaces/labsisop-buildroot/output/host/include conftest.c >&5
conftest.c: In function 'main':
conftest.c:67:28: error: expected expression before ')' token
   67 | if (sizeof ((long long int)))
      |                            ^
configure:13032: $? = 1
configure: failed program was:
| /* confdefs.h */
| #define PACKAGE_NAME "MPFR"
| #define PACKAGE_TARNAME "mpfr"
| #define PACKAGE_VERSION "4.1.1"
| #define PACKAGE_STRING "MPFR 4.1.1"
| #define PACKAGE_BUGREPORT ""
| #define PACKAGE_URL ""
| #define HAVE_STDIO_H 1
| #define HAVE_STDLIB_H 1
| #define HAVE_STRING_H 1
| #define HAVE_INTTYPES_H 1
| #define HAVE_STDINT_H 1
| #define HAVE_STRINGS_H 1
| #define HAVE_SYS_STAT_H 1
| #define HAVE_SYS_TYPES_H 1
| #define HAVE_UNISTD_H 1
| #define STDC_HEADERS 1
| #define HAVE_DLFCN_H 1
| #define LT_OBJDIR ".libs/"
| #define HAVE_LITTLE_ENDIAN 1
| #define HAVE_CLOCK_GETTIME 1
| #define HAVE_LOCALE_H 1
| #define HAVE_WCHAR_H 1
| #define HAVE_STDARG 1
| #define HAVE_STRUCT_LCONV_DECIMAL_POINT 1
| #define HAVE_STRUCT_LCONV_THOUSANDS_SEP 1
| #define HAVE_ALLOCA_H 1
| #define HAVE_ALLOCA 1
| #define HAVE_UINTPTR_T 1
| #define HAVE_VA_COPY 1
| #define HAVE_SETLOCALE 1
| #define HAVE_GETTIMEOFDAY 1
| #define HAVE_SIGNAL 1
| #define HAVE_SIGACTION 1
| /* end confdefs.h.  */
| #include <stddef.h>
| #ifdef HAVE_STDIO_H
| # include <stdio.h>
| #endif
| #ifdef HAVE_STDLIB_H
| # include <stdlib.h>
| #endif
| #ifdef HAVE_STRING_H
| # include <string.h>
| #endif
| #ifdef HAVE_INTTYPES_H
| # include <inttypes.h>
| #endif
| #ifdef HAVE_STDINT_H
| # include <stdint.h>
| #endif
| #ifdef HAVE_STRINGS_H
| # include <strings.h>
| #endif
| #ifdef HAVE_SYS_TYPES_H
| # include <sys/types.h>
| #endif
| #ifdef HAVE_SYS_STAT_H
| # include <sys/stat.h>
| #endif
| #ifdef HAVE_UNISTD_H
| # include <unistd.h>
| #endif
| int
| main (void)
| {
| if (sizeof ((long long int)))
| 	    return 0;
|   ;
|   return 0;
| }
configure:13032: result: yes
configure:13041: checking for intmax_t
configure:13041: /usr/bin/gcc -c -O2 -I/workspaces/labsisop-buildroot/output/host/include -I/workspaces/labsisop-buildroot/output/host/include conftest.c >&5
configure:13041: $? = 0
configure:13041: /usr/bin/gcc -c -O2 -I/workspaces/labsisop-buildroot/output/host/include -I/workspaces/labsisop-buildroot/output/host/include conftest.c >&5
conftest.c: In function 'main':
conftest.c:68:23: error: expected expression before ')' token
   68 | if (sizeof ((intmax_t)))
      |                       ^
configure:13041: $? = 1
configure: failed program was:
| /* confdefs.h */
| #define PACKAGE_NAME "MPFR"
| #define PACKAGE_TARNAME "mpfr"
| #define PACKAGE_VERSION "4.1.1"
| #define PACKAGE_STRING "MPFR 4.1.1"
| #define PACKAGE_BUGREPORT ""
| #define PACKAGE_URL ""
| #define HAVE_STDIO_H 1
| #define HAVE_STDLIB_H 1
| #define HAVE_STRING_H 1
| #define HAVE_INTTYPES_H 1
| #define HAVE_STDINT_H 1
| #define HAVE_STRINGS_H 1
| #define HAVE_SYS_STAT_H 1
| #define HAVE_SYS_TYPES_H 1
| #define HAVE_UNISTD_H 1
| #define STDC_HEADERS 1
| #define HAVE_DLFCN_H 1
| #define LT_OBJDIR ".libs/"
| #define HAVE_LITTLE_ENDIAN 1
| #define HAVE_CLOCK_GETTIME 1
| #define HAVE_LOCALE_H 1
| #define HAVE_WCHAR_H 1
| #define HAVE_STDARG 1
| #define HAVE_STRUCT_LCONV_DECIMAL_POINT 1
| #define HAVE_STRUCT_LCONV_THOUSANDS_SEP 1
| #define HAVE_ALLOCA_H 1
| #define HAVE_ALLOCA 1
| #define HAVE_UINTPTR_T 1
| #define HAVE_VA_COPY 1
| #define HAVE_SETLOCALE 1
| #define HAVE_GETTIMEOFDAY 1
| #define HAVE_SIGNAL 1
| #define HAVE_SIGACTION 1
| #define HAVE_LONG_LONG 1
| /* end confdefs.h.  */
| #include <stddef.h>
| #ifdef HAVE_STDIO_H
| # include <stdio.h>
| #endif
| #ifdef HAVE_STDLIB_H
| # include <stdlib.h>
| #endif
| #ifdef HAVE_STRING_H
| # include <string.h>
| #endif
| #ifdef HAVE_INTTYPES_H
| # include <inttypes.h>
| #endif
| #ifdef HAVE_STDINT_H
| # include <stdint.h>
| #endif
| #ifdef HAVE_STRINGS_H
| # include <strings.h>
| #endif
| #ifdef HAVE_SYS_TYPES_H
| # include <sys/types.h>
| #endif
| #ifdef HAVE_SYS_STAT_H
| # include <sys/stat.h>
| #endif
| #ifdef HAVE_UNISTD_H
| # include <unistd.h>
| #endif
| int
| main (void)
| {
| if (sizeof ((intmax_t)))
| 	    return 0;
|   ;
|   return 0;
| }
configure:13041: result: yes
configure:13051: checking for working INTMAX_MAX
configure:13072: /usr/bin/gcc -c -O2 -I/workspaces/labsisop-buildroot/output/host/include -I/workspaces/labsisop-buildroot/output/host/include -I./src -DMPFR_NEED_INTMAX_H conftest.c >&5
configure:13072: $? = 0
configure:13082: result: yes
configure:13091: checking for union fpc_csr
configure:13091: /usr/bin/gcc -c -O2 -I/workspaces/labsisop-buildroot/output/host/include -I/workspaces/labsisop-buildroot/output/host/include conftest.c >&5
conftest.c: In function 'main':
conftest.c:48:13: error: invalid application of 'sizeof' to incomplete type 'union fpc_csr'
   48 | if (sizeof (union fpc_csr))
      |             ^~~~~
configure:13091: $? = 1
configure: failed program was:
| /* confdefs.h */
| #define PACKAGE_NAME "MPFR"
| #define PACKAGE_TARNAME "mpfr"
| #define PACKAGE_VERSION "4.1.1"
| #define PACKAGE_STRING "MPFR 4.1.1"
| #define PACKAGE_BUGREPORT ""
| #define PACKAGE_URL ""
| #define HAVE_STDIO_H 1
| #define HAVE_STDLIB_H 1
| #define HAVE_STRING_H 1
| #define HAVE_INTTYPES_H 1
| #define HAVE_STDINT_H 1
| #define HAVE_STRINGS_H 1
| #define HAVE_SYS_STAT_H 1
| #define HAVE_SYS_TYPES_H 1
| #define HAVE_UNISTD_H 1
| #define STDC_HEADERS 1
| #define HAVE_DLFCN_H 1
| #define LT_OBJDIR ".libs/"
| #define HAVE_LITTLE_ENDIAN 1
| #define HAVE_CLOCK_GETTIME 1
| #define HAVE_LOCALE_H 1
| #define HAVE_WCHAR_H 1
| #define HAVE_STDARG 1
| #define HAVE_STRUCT_LCONV_DECIMAL_POINT 1
| #define HAVE_STRUCT_LCONV_THOUSANDS_SEP 1
| #define HAVE_ALLOCA_H 1
| #define HAVE_ALLOCA 1
| #define HAVE_UINTPTR_T 1
| #define HAVE_VA_COPY 1
| #define HAVE_SETLOCALE 1
| #define HAVE_GETTIMEOFDAY 1
| #define HAVE_SIGNAL 1
| #define HAVE_SIGACTION 1
| #define HAVE_LONG_LONG 1
| #define HAVE_INTMAX_T 1
| #define MPFR_HAVE_INTMAX_MAX 1
| /* end confdefs.h.  */
| 
| #if HAVE_SYS_FPU_H
| #  include <sys/fpu.h>
| #endif
| 
| 
| int
| main (void)
| {
| if (sizeof (union fpc_csr))
| 	 return 0;
|   ;
|   return 0;
| }
configure:13091: result: no
configure:13105: checking for _Noreturn
configure:13116: /usr/bin/gcc -c -O2 -I/workspaces/labsisop-buildroot/output/host/include -I/workspaces/labsisop-buildroot/output/host/include conftest.c >&5
configure:13116: $? = 0
configure:13125: result: yes
configure:13133: checking for __builtin_unreachable
configure:13152: /usr/bin/gcc -o conftest -O2 -I/workspaces/labsisop-buildroot/output/host/include -I/workspaces/labsisop-buildroot/output/host/include -L/workspaces/labsisop-buildroot/output/host/lib -Wl,-rpath,/workspaces/labsisop-buildroot/output/host/lib conftest.c  >&5
configure:13152: $? = 0
configure:13162: result: yes
configure:13171: checking for constructor and destructor attributes
configure:13193: /usr/bin/gcc -o conftest -O2 -I/workspaces/labsisop-buildroot/output/host/include -I/workspaces/labsisop-buildroot/output/host/include -L/workspaces/labsisop-buildroot/output/host/lib -Wl,-rpath,/workspaces/labsisop-buildroot/output/host/lib conftest.c  >&5
configure:13193: $? = 0
configure:13195: result: yes
configure:13213: checking for fesetround
configure:13233: /usr/bin/gcc -o conftest -O2 -I/workspaces/labsisop-buildroot/output/host/include -I/workspaces/labsisop-buildroot/output/host/include -L/workspaces/labsisop-buildroot/output/host/lib -Wl,-rpath,/workspaces/labsisop-buildroot/output/host/lib conftest.c  -lm >&5
configure:13233: $? = 0
configure:13244: result: yes
configure:13253: checking for gcc float-conversion bug
configure:13295: /usr/bin/gcc -o conftest -O2 -I/workspaces/labsisop-buildroot/output/host/include -I/workspaces/labsisop-buildroot/output/host/include -L/workspaces/labsisop-buildroot/output/host/lib -Wl,-rpath,/workspaces/labsisop-buildroot/output/host/lib conftest.c  -lm >&5
configure:13295: $? = 0
configure:13295: ./conftest
configure:13295: $? = 0
configure:13308: result: no
configure:13315: checking for subnormal double-precision numbers
configure:13337: /usr/bin/gcc -o conftest -O2 -I/workspaces/labsisop-buildroot/output/host/include -I/workspaces/labsisop-buildroot/output/host/include -L/workspaces/labsisop-buildroot/output/host/lib -Wl,-rpath,/workspaces/labsisop-buildroot/output/host/lib conftest.c  >&5
configure:13337: $? = 0
configure:13337: ./conftest
1.112537e-308
configure:13337: $? = 0
configure:13349: result: yes
configure:13356: checking for subnormal single-precision numbers
configure:13378: /usr/bin/gcc -o conftest -O2 -I/workspaces/labsisop-buildroot/output/host/include -I/workspaces/labsisop-buildroot/output/host/include -L/workspaces/labsisop-buildroot/output/host/lib -Wl,-rpath,/workspaces/labsisop-buildroot/output/host/lib conftest.c  >&5
configure:13378: $? = 0
configure:13378: ./conftest
5.877472e-39
configure:13378: $? = 0
configure:13390: result: yes
configure:13398: checking for signed zeros
configure:13417: /usr/bin/gcc -o conftest -O2 -I/workspaces/labsisop-buildroot/output/host/include -I/workspaces/labsisop-buildroot/output/host/include -L/workspaces/labsisop-buildroot/output/host/lib -Wl,-rpath,/workspaces/labsisop-buildroot/output/host/lib conftest.c  >&5
configure:13417: $? = 0
configure:13417: ./conftest
configure:13417: $? = 0
configure:13429: result: yes
configure:13437: checking if the FP division by 0 fails
configure:13460: /usr/bin/gcc -o conftest -O2 -I/workspaces/labsisop-buildroot/output/host/include -I/workspaces/labsisop-buildroot/output/host/include -L/workspaces/labsisop-buildroot/output/host/lib -Wl,-rpath,/workspaces/labsisop-buildroot/output/host/lib conftest.c  >&5
configure:13460: $? = 0
configure:13460: ./conftest
configure:13460: $? = 0
configure:13472: result: no
configure:13486: checking if NAN == NAN
configure:13512: /usr/bin/gcc -o conftest -O2 -I/workspaces/labsisop-buildroot/output/host/include -I/workspaces/labsisop-buildroot/output/host/include -L/workspaces/labsisop-buildroot/output/host/lib -Wl,-rpath,/workspaces/labsisop-buildroot/output/host/lib conftest.c  >&5
configure:13512: $? = 0
configure:13512: ./conftest
configure:13512: $? = 1
configure: program exited with status 1
configure: failed program was:
| /* confdefs.h */
| #define PACKAGE_NAME "MPFR"
| #define PACKAGE_TARNAME "mpfr"
| #define PACKAGE_VERSION "4.1.1"
| #define PACKAGE_STRING "MPFR 4.1.1"
| #define PACKAGE_BUGREPORT ""
| #define PACKAGE_URL ""
| #define HAVE_STDIO_H 1
| #define HAVE_STDLIB_H 1
| #define HAVE_STRING_H 1
| #define HAVE_INTTYPES_H 1
| #define HAVE_STDINT_H 1
| #define HAVE_STRINGS_H 1
| #define HAVE_SYS_STAT_H 1
| #define HAVE_SYS_TYPES_H 1
| #define HAVE_UNISTD_H 1
| #define STDC_HEADERS 1
| #define HAVE_DLFCN_H 1
| #define LT_OBJDIR ".libs/"
| #define HAVE_LITTLE_ENDIAN 1
| #define HAVE_CLOCK_GETTIME 1
| #define HAVE_LOCALE_H 1
| #define HAVE_WCHAR_H 1
| #define HAVE_STDARG 1
| #define HAVE_STRUCT_LCONV_DECIMAL_POINT 1
| #define HAVE_STRUCT_LCONV_THOUSANDS_SEP 1
| #define HAVE_ALLOCA_H 1
| #define HAVE_ALLOCA 1
| #define HAVE_UINTPTR_T 1
| #define HAVE_VA_COPY 1
| #define HAVE_SETLOCALE 1
| #define HAVE_GETTIMEOFDAY 1
| #define HAVE_SIGNAL 1
| #define HAVE_SIGACTION 1
| #define HAVE_LONG_LONG 1
| #define HAVE_INTMAX_T 1
| #define MPFR_HAVE_INTMAX_MAX 1
| #define MPFR_HAVE_NORETURN 1
| #define MPFR_HAVE_BUILTIN_UNREACHABLE 1
| #define MPFR_HAVE_CONSTRUCTOR_ATTR 1
| #define MPFR_HAVE_FESETROUND 1
| #define HAVE_SUBNORM_DBL 1
| #define HAVE_SUBNORM_FLT 1
| #define HAVE_SIGNEDZ 1
| /* end confdefs.h.  */
| 
| #include <stdio.h>
| #include <math.h>
| #ifndef NAN
| # define NAN (0.0/0.0)
| #endif
| int main (void) {
|   double d;
|   d = NAN;
|   return d != d;
| }
| 
configure:13524: result: no
configure:13552: checking if charset has consecutive values
configure:13583: /usr/bin/gcc -o conftest -O2 -I/workspaces/labsisop-buildroot/output/host/include -I/workspaces/labsisop-buildroot/output/host/include -L/workspaces/labsisop-buildroot/output/host/lib -Wl,-rpath,/workspaces/labsisop-buildroot/output/host/lib conftest.c  >&5
configure:13583: $? = 0
configure:13583: ./conftest
configure:13583: $? = 0
configure:13585: result: yes
configure:13603: checking for math/round
configure:13621: /usr/bin/gcc -o conftest -O2 -I/workspaces/labsisop-buildroot/output/host/include -I/workspaces/labsisop-buildroot/output/host/include -L/workspaces/labsisop-buildroot/output/host/lib -Wl,-rpath,/workspaces/labsisop-buildroot/output/host/lib conftest.c  -lm >&5
configure:13621: $? = 0
configure:13624: result: yes
configure:13637: checking for math/trunc
configure:13655: /usr/bin/gcc -o conftest -O2 -I/workspaces/labsisop-buildroot/output/host/include -I/workspaces/labsisop-buildroot/output/host/include -L/workspaces/labsisop-buildroot/output/host/lib -Wl,-rpath,/workspaces/labsisop-buildroot/output/host/lib conftest.c  -lm >&5
configure:13655: $? = 0
configure:13658: result: yes
configure:13671: checking for math/floor
configure:13689: /usr/bin/gcc -o conftest -O2 -I/workspaces/labsisop-buildroot/output/host/include -I/workspaces/labsisop-buildroot/output/host/include -L/workspaces/labsisop-buildroot/output/host/lib -Wl,-rpath,/workspaces/labsisop-buildroot/output/host/lib conftest.c  -lm >&5
configure:13689: $? = 0
configure:13692: result: yes
configure:13705: checking for math/ceil
configure:13723: /usr/bin/gcc -o conftest -O2 -I/workspaces/labsisop-buildroot/output/host/include -I/workspaces/labsisop-buildroot/output/host/include -L/workspaces/labsisop-buildroot/output/host/lib -Wl,-rpath,/workspaces/labsisop-buildroot/output/host/lib conftest.c  -lm >&5
configure:13723: $? = 0
configure:13726: result: yes
configure:13739: checking for math/nearbyint
configure:13757: /usr/bin/gcc -o conftest -O2 -I/workspaces/labsisop-buildroot/output/host/include -I/workspaces/labsisop-buildroot/output/host/include -L/workspaces/labsisop-buildroot/output/host/lib -Wl,-rpath,/workspaces/labsisop-buildroot/output/host/lib conftest.c  -lm >&5
configure:13757: $? = 0
configure:13760: result: yes
configure:13773: checking for _mulx_u64
configure:13799: /usr/bin/gcc -o conftest -O2 -I/workspaces/labsisop-buildroot/output/host/include -I/workspaces/labsisop-buildroot/output/host/include -L/workspaces/labsisop-buildroot/output/host/lib -Wl,-rpath,/workspaces/labsisop-buildroot/output/host/lib conftest.c  -lm >&5
In file included from /usr/lib/gcc/x86_64-linux-gnu/9/include/immintrin.h:105,
                 from conftest.c:52:
conftest.c: In function 'main':
/usr/lib/gcc/x86_64-linux-gnu/9/include/bmi2intrin.h:83:1: error: inlining failed in call to always_inline '_mulx_u64': target specific option mismatch
   83 | _mulx_u64 (unsigned long long __X, unsigned long long __Y,
      | ^~~~~~~~~
conftest.c:60:2: note: called from here
   60 |  _mulx_u64(-1, -1, &h2);
      |  ^~~~~~~~~~~~~~~~~~~~~~
In file included from /usr/lib/gcc/x86_64-linux-gnu/9/include/immintrin.h:105,
                 from conftest.c:52:
/usr/lib/gcc/x86_64-linux-gnu/9/include/bmi2intrin.h:83:1: error: inlining failed in call to always_inline '_mulx_u64': target specific option mismatch
   83 | _mulx_u64 (unsigned long long __X, unsigned long long __Y,
      | ^~~~~~~~~
conftest.c:59:2: note: called from here
   59 |  _mulx_u64(17, 42, &h1);
      |  ^~~~~~~~~~~~~~~~~~~~~~
configure:13799: $? = 1
configure: program exited with status 1
configure: failed program was:
| /* confdefs.h */
| #define PACKAGE_NAME "MPFR"
| #define PACKAGE_TARNAME "mpfr"
| #define PACKAGE_VERSION "4.1.1"
| #define PACKAGE_STRING "MPFR 4.1.1"
| #define PACKAGE_BUGREPORT ""
| #define PACKAGE_URL ""
| #define HAVE_STDIO_H 1
| #define HAVE_STDLIB_H 1
| #define HAVE_STRING_H 1
| #define HAVE_INTTYPES_H 1
| #define HAVE_STDINT_H 1
| #define HAVE_STRINGS_H 1
| #define HAVE_SYS_STAT_H 1
| #define HAVE_SYS_TYPES_H 1
| #define HAVE_UNISTD_H 1
| #define STDC_HEADERS 1
| #define HAVE_DLFCN_H 1
| #define LT_OBJDIR ".libs/"
| #define HAVE_LITTLE_ENDIAN 1
| #define HAVE_CLOCK_GETTIME 1
| #define HAVE_LOCALE_H 1
| #define HAVE_WCHAR_H 1
| #define HAVE_STDARG 1
| #define HAVE_STRUCT_LCONV_DECIMAL_POINT 1
| #define HAVE_STRUCT_LCONV_THOUSANDS_SEP 1
| #define HAVE_ALLOCA_H 1
| #define HAVE_ALLOCA 1
| #define HAVE_UINTPTR_T 1
| #define HAVE_VA_COPY 1
| #define HAVE_SETLOCALE 1
| #define HAVE_GETTIMEOFDAY 1
| #define HAVE_SIGNAL 1
| #define HAVE_SIGACTION 1
| #define HAVE_LONG_LONG 1
| #define HAVE_INTMAX_T 1
| #define MPFR_HAVE_INTMAX_MAX 1
| #define MPFR_HAVE_NORETURN 1
| #define MPFR_HAVE_BUILTIN_UNREACHABLE 1
| #define MPFR_HAVE_CONSTRUCTOR_ATTR 1
| #define MPFR_HAVE_FESETROUND 1
| #define HAVE_SUBNORM_DBL 1
| #define HAVE_SUBNORM_FLT 1
| #define HAVE_SIGNEDZ 1
| #define HAVE_ROUND 1
| #define HAVE_TRUNC 1
| #define HAVE_FLOOR 1
| #define HAVE_CEIL 1
| #define HAVE_NEARBYINT 1
| /* end confdefs.h.  */
| 
| #include <immintrin.h>
| 
| int
| main (void)
| {
| 
|  unsigned long long h1, h2;
|  _mulx_u64(17, 42, &h1);
|  _mulx_u64(-1, -1, &h2);
|  return h1 == 0 && h2 == -2 ? 0 : 1;
| 
|   ;
|   return 0;
| }
configure:13808: result: no
configure:13822: checking format of floating-point type `double'
configure:13857: /usr/bin/gcc -O2 -I/workspaces/labsisop-buildroot/output/host/include -I/workspaces/labsisop-buildroot/output/host/include -L/workspaces/labsisop-buildroot/output/host/lib -Wl,-rpath,/workspaces/labsisop-buildroot/output/host/lib conftest.c -o conftest >&5 2>&1
configure:13860: $? = 0
configure:14154: result: IEEE double, little endian
configure:14176: checking format of floating-point type `long double'
configure:14211: /usr/bin/gcc -O2 -I/workspaces/labsisop-buildroot/output/host/include -I/workspaces/labsisop-buildroot/output/host/include -L/workspaces/labsisop-buildroot/output/host/lib -Wl,-rpath,/workspaces/labsisop-buildroot/output/host/lib conftest.c -o conftest >&5 2>&1
configure:14214: $? = 0
configure:14508: result: IEEE extended, little endian (16 bytes)
configure:14564: checking for TLS support using C11
configure:14586: /usr/bin/gcc -o conftest -O2 -I/workspaces/labsisop-buildroot/output/host/include -I/workspaces/labsisop-buildroot/output/host/include -I./src -L/workspaces/labsisop-buildroot/output/host/lib -Wl,-rpath,/workspaces/labsisop-buildroot/output/host/lib conftest.c  >&5
configure:14586: $? = 0
configure:14586: ./conftest
configure:14586: $? = 0
configure:14588: result: yes
configure:14669: checking if compiler knows _Decimal64
configure:14682: /usr/bin/gcc -c -O2 -I/workspaces/labsisop-buildroot/output/host/include -I/workspaces/labsisop-buildroot/output/host/include conftest.c >&5
configure:14682: $? = 0
configure:14684: result: yes
configure:14686: checking decimal float format
configure:14714: /usr/bin/gcc -o conftest -O2 -I/workspaces/labsisop-buildroot/output/host/include -I/workspaces/labsisop-buildroot/output/host/include -L/workspaces/labsisop-buildroot/output/host/lib -Wl,-rpath,/workspaces/labsisop-buildroot/output/host/lib conftest.c  >&5
configure:14714: $? = 0
configure:14714: ./conftest
configure:14714: $? = 81
configure: program exited with status 81
configure: failed program was:
| /* confdefs.h */
| #define PACKAGE_NAME "MPFR"
| #define PACKAGE_TARNAME "mpfr"
| #define PACKAGE_VERSION "4.1.1"
| #define PACKAGE_STRING "MPFR 4.1.1"
| #define PACKAGE_BUGREPORT ""
| #define PACKAGE_URL ""
| #define HAVE_STDIO_H 1
| #define HAVE_STDLIB_H 1
| #define HAVE_STRING_H 1
| #define HAVE_INTTYPES_H 1
| #define HAVE_STDINT_H 1
| #define HAVE_STRINGS_H 1
| #define HAVE_SYS_STAT_H 1
| #define HAVE_SYS_TYPES_H 1
| #define HAVE_UNISTD_H 1
| #define STDC_HEADERS 1
| #define HAVE_DLFCN_H 1
| #define LT_OBJDIR ".libs/"
| #define HAVE_LITTLE_ENDIAN 1
| #define HAVE_CLOCK_GETTIME 1
| #define HAVE_LOCALE_H 1
| #define HAVE_WCHAR_H 1
| #define HAVE_STDARG 1
| #define HAVE_STRUCT_LCONV_DECIMAL_POINT 1
| #define HAVE_STRUCT_LCONV_THOUSANDS_SEP 1
| #define HAVE_ALLOCA_H 1
| #define HAVE_ALLOCA 1
| #define HAVE_UINTPTR_T 1
| #define HAVE_VA_COPY 1
| #define HAVE_SETLOCALE 1
| #define HAVE_GETTIMEOFDAY 1
| #define HAVE_SIGNAL 1
| #define HAVE_SIGACTION 1
| #define HAVE_LONG_LONG 1
| #define HAVE_INTMAX_T 1
| #define MPFR_HAVE_INTMAX_MAX 1
| #define MPFR_HAVE_NORETURN 1
| #define MPFR_HAVE_BUILTIN_UNREACHABLE 1
| #define MPFR_HAVE_CONSTRUCTOR_ATTR 1
| #define MPFR_HAVE_FESETROUND 1
| #define HAVE_SUBNORM_DBL 1
| #define HAVE_SUBNORM_FLT 1
| #define HAVE_SIGNEDZ 1
| #define HAVE_ROUND 1
| #define HAVE_TRUNC 1
| #define HAVE_FLOOR 1
| #define HAVE_CEIL 1
| #define HAVE_NEARBYINT 1
| #define HAVE_DOUBLE_IEEE_LITTLE_ENDIAN 1
| #define HAVE_LDOUBLE_IEEE_EXT_LITTLE 1
| #define MPFR_USE_THREAD_SAFE 1
| #define MPFR_USE_C11_THREAD_SAFE 1
| /* end confdefs.h.  */
| 
| #include <stdlib.h>
| 
| int
| main (void)
| {
| 
| volatile _Decimal64 x = 1;
| union { double d; _Decimal64 d64; } y;
| if (x != x) return 83;
| y.d64 = 1234567890123456.0dd;
| return y.d == 0.14894469406741037E-123 ? 80 :
|        y.d == 0.59075095508629822E-68  ? 81 : 82;
| 
|   ;
|   return 0;
| }
configure:14733: result: BID
configure:14807: checking bit-field ordering for _Decimal128
configure:14850: /usr/bin/gcc -o conftest -O2 -I/workspaces/labsisop-buildroot/output/host/include -I/workspaces/labsisop-buildroot/output/host/include -L/workspaces/labsisop-buildroot/output/host/lib -Wl,-rpath,/workspaces/labsisop-buildroot/output/host/lib conftest.c  >&5
configure:14850: $? = 0
configure:14850: ./conftest
configure:14850: $? = 80
configure: program exited with status 80
configure: failed program was:
| /* confdefs.h */
| #define PACKAGE_NAME "MPFR"
| #define PACKAGE_TARNAME "mpfr"
| #define PACKAGE_VERSION "4.1.1"
| #define PACKAGE_STRING "MPFR 4.1.1"
| #define PACKAGE_BUGREPORT ""
| #define PACKAGE_URL ""
| #define HAVE_STDIO_H 1
| #define HAVE_STDLIB_H 1
| #define HAVE_STRING_H 1
| #define HAVE_INTTYPES_H 1
| #define HAVE_STDINT_H 1
| #define HAVE_STRINGS_H 1
| #define HAVE_SYS_STAT_H 1
| #define HAVE_SYS_TYPES_H 1
| #define HAVE_UNISTD_H 1
| #define STDC_HEADERS 1
| #define HAVE_DLFCN_H 1
| #define LT_OBJDIR ".libs/"
| #define HAVE_LITTLE_ENDIAN 1
| #define HAVE_CLOCK_GETTIME 1
| #define HAVE_LOCALE_H 1
| #define HAVE_WCHAR_H 1
| #define HAVE_STDARG 1
| #define HAVE_STRUCT_LCONV_DECIMAL_POINT 1
| #define HAVE_STRUCT_LCONV_THOUSANDS_SEP 1
| #define HAVE_ALLOCA_H 1
| #define HAVE_ALLOCA 1
| #define HAVE_UINTPTR_T 1
| #define HAVE_VA_COPY 1
| #define HAVE_SETLOCALE 1
| #define HAVE_GETTIMEOFDAY 1
| #define HAVE_SIGNAL 1
| #define HAVE_SIGACTION 1
| #define HAVE_LONG_LONG 1
| #define HAVE_INTMAX_T 1
| #define MPFR_HAVE_INTMAX_MAX 1
| #define MPFR_HAVE_NORETURN 1
| #define MPFR_HAVE_BUILTIN_UNREACHABLE 1
| #define MPFR_HAVE_CONSTRUCTOR_ATTR 1
| #define MPFR_HAVE_FESETROUND 1
| #define HAVE_SUBNORM_DBL 1
| #define HAVE_SUBNORM_FLT 1
| #define HAVE_SIGNEDZ 1
| #define HAVE_ROUND 1
| #define HAVE_TRUNC 1
| #define HAVE_FLOOR 1
| #define HAVE_CEIL 1
| #define HAVE_NEARBYINT 1
| #define HAVE_DOUBLE_IEEE_LITTLE_ENDIAN 1
| #define HAVE_LDOUBLE_IEEE_EXT_LITTLE 1
| #define MPFR_USE_THREAD_SAFE 1
| #define MPFR_USE_C11_THREAD_SAFE 1
| #define MPFR_WANT_DECIMAL_FLOATS 1
| #define DECIMAL_BID_FORMAT 1
| /* end confdefs.h.  */
| 
| 
| int
| main (void)
| {
| 
|     union ieee_decimal128
|     {
|       struct
|       {
|         unsigned int t3:32;
|         unsigned int t2:32;
|         unsigned int t1:32;
|         unsigned int t0:14;
|         unsigned int comb:17;
|         unsigned int sig:1;
|       } s;
|       _Decimal128 d128;
|     } x;
| 
|     x.d128 = 1.0dl;
|     if (x.s.sig == 0 && x.s.comb == 49400 &&
|         x.s.t0 == 0 && x.s.t1 == 0 && x.s.t2 == 0 && x.s.t3 == 10)
|        return 80; /* little endian */
|     else if (x.s.sig == 0 && x.s.comb == 8 &&
|              x.s.t0 == 0 && x.s.t1 == 0 && x.s.t2 == 0 && x.s.t3 == 570933248)
|        return 81; /* big endian */
|     else
|        return 82; /* unknown encoding */
| 
|   ;
|   return 0;
| }
configure:14857: result: little endian
configure:14878: checking if _Float128 with hex constants is supported
configure:14894: /usr/bin/gcc -o conftest -O2 -I/workspaces/labsisop-buildroot/output/host/include -I/workspaces/labsisop-buildroot/output/host/include -L/workspaces/labsisop-buildroot/output/host/lib -Wl,-rpath,/workspaces/labsisop-buildroot/output/host/lib conftest.c  >&5
configure:14894: $? = 0
configure:14896: result: yes
configure:14948: checking for Static Assertion support
configure:14969: /usr/bin/gcc -c -O2 -I/workspaces/labsisop-buildroot/output/host/include -I/workspaces/labsisop-buildroot/output/host/include -I./src conftest.c >&5
configure:14969: $? = 0
configure:14971: result: yes
configure:15084: checking whether gcc __attribute__ ((mode (XX))) works
configure:15101: /usr/bin/gcc -c -O2 -I/workspaces/labsisop-buildroot/output/host/include -I/workspaces/labsisop-buildroot/output/host/include conftest.c >&5
configure:15101: $? = 0
configure:15110: result: yes
configure:15124: checking for gmp.h
configure:15132: /usr/bin/gcc -c -O2 -I/workspaces/labsisop-buildroot/output/host/include -I/workspaces/labsisop-buildroot/output/host/include conftest.c >&5
configure:15132: $? = 0
configure:15134: result: yes
configure:15215: checking for recent GMP
configure:15227: /usr/bin/gcc -c -O2 -I/workspaces/labsisop-buildroot/output/host/include -I/workspaces/labsisop-buildroot/output/host/include conftest.c >&5
configure:15227: $? = 0
configure:15229: result: yes
configure:15240: checking usable gmp.h at link time
configure:15255: /usr/bin/gcc -o conftest -O2 -I/workspaces/labsisop-buildroot/output/host/include -I/workspaces/labsisop-buildroot/output/host/include -L/workspaces/labsisop-buildroot/output/host/lib -Wl,-rpath,/workspaces/labsisop-buildroot/output/host/lib conftest.c  >&5
configure:15255: $? = 0
configure:15257: result: yes
configure:15298: checking for GMP_NUMB_BITS and sizeof(mp_limb_t) consistency
configure:15328: /usr/bin/gcc -o conftest -O2 -I/workspaces/labsisop-buildroot/output/host/include -I/workspaces/labsisop-buildroot/output/host/include -L/workspaces/labsisop-buildroot/output/host/lib -Wl,-rpath,/workspaces/labsisop-buildroot/output/host/lib conftest.c  >&5
configure:15328: $? = 0
configure:15328: ./conftest
configure:15328: $? = 0
configure:15330: result: yes
configure:15345: checking for __gmpz_init in -lgmp
configure:15371: /usr/bin/gcc -o conftest -O2 -I/workspaces/labsisop-buildroot/output/host/include -I/workspaces/labsisop-buildroot/output/host/include -L/workspaces/labsisop-buildroot/output/host/lib -Wl,-rpath,/workspaces/labsisop-buildroot/output/host/lib conftest.c -lgmp   >&5
configure:15371: $? = 0
configure:15381: result: yes
configure:15392: checking if gmp.h version and libgmp version are the same
configure:15432: /usr/bin/gcc -o conftest -O2 -I/workspaces/labsisop-buildroot/output/host/include -I/workspaces/labsisop-buildroot/output/host/include -L/workspaces/labsisop-buildroot/output/host/lib -Wl,-rpath,/workspaces/labsisop-buildroot/output/host/lib conftest.c -lgmp  >&5
configure:15432: $? = 0
configure:15432: ./conftest
gmp.h: 6.2.1 / libgmp: 6.2.1
configure:15432: $? = 0
configure:15434: result: yes
configure:15437: checking for GMP library vs header correctness
configure:15484: /usr/bin/gcc -o conftest -O2 -I/workspaces/labsisop-buildroot/output/host/include -I/workspaces/labsisop-buildroot/output/host/include -L/workspaces/labsisop-buildroot/output/host/lib -Wl,-rpath,/workspaces/labsisop-buildroot/output/host/lib conftest.c -lgmp  >&5
configure:15484: $? = 0
configure:15484: ./conftest
GMP_NAIL_BITS     = 0
GMP_NUMB_BITS     = 64
mp_bits_per_limb  = 64
sizeof(mp_limb_t) = 8
configure:15484: $? = 0
configure:15496: result: yes
configure:15505: checking for double-to-integer conversion bug
configure:15550: /usr/bin/gcc -o conftest -O2 -I/workspaces/labsisop-buildroot/output/host/include -I/workspaces/labsisop-buildroot/output/host/include -L/workspaces/labsisop-buildroot/output/host/lib -Wl,-rpath,/workspaces/labsisop-buildroot/output/host/lib conftest.c -lgmp  >&5
configure:15550: $? = 0
configure:15550: ./conftest
configure:15550: $? = 0
configure:15562: result: no
configure:15573: checking if gmp_printf supports "%jd"
configure:15621: /usr/bin/gcc -o conftest -O2 -I/workspaces/labsisop-buildroot/output/host/include -I/workspaces/labsisop-buildroot/output/host/include -L/workspaces/labsisop-buildroot/output/host/lib -Wl,-rpath,/workspaces/labsisop-buildroot/output/host/lib conftest.c -lgmp  >&5
configure:15621: $? = 0
configure:15621: ./conftest
configure:15621: $? = 0
configure:15623: result: yes
configure:15641: checking if gmp_printf supports "%hhd"
configure:15684: /usr/bin/gcc -o conftest -O2 -I/workspaces/labsisop-buildroot/output/host/include -I/workspaces/labsisop-buildroot/output/host/include -L/workspaces/labsisop-buildroot/output/host/lib -Wl,-rpath,/workspaces/labsisop-buildroot/output/host/lib conftest.c -lgmp  >&5
configure:15684: $? = 0
configure:15684: ./conftest
configure:15684: $? = 0
configure:15686: result: yes
configure:15703: checking if gmp_printf supports "%lld"
configure:15746: /usr/bin/gcc -o conftest -O2 -I/workspaces/labsisop-buildroot/output/host/include -I/workspaces/labsisop-buildroot/output/host/include -L/workspaces/labsisop-buildroot/output/host/lib -Wl,-rpath,/workspaces/labsisop-buildroot/output/host/lib conftest.c -lgmp  >&5
configure:15746: $? = 0
configure:15746: ./conftest
configure:15746: $? = 0
configure:15748: result: yes
configure:15765: checking if gmp_printf supports "%Lf"
configure:15810: /usr/bin/gcc -o conftest -O2 -I/workspaces/labsisop-buildroot/output/host/include -I/workspaces/labsisop-buildroot/output/host/include -L/workspaces/labsisop-buildroot/output/host/lib -Wl,-rpath,/workspaces/labsisop-buildroot/output/host/lib conftest.c -lgmp  >&5
configure:15810: $? = 0
configure:15810: ./conftest
configure:15810: $? = 0
configure:15812: result: yes
configure:15831: checking if gmp_printf supports "%td"
configure:15881: /usr/bin/gcc -o conftest -O2 -I/workspaces/labsisop-buildroot/output/host/include -I/workspaces/labsisop-buildroot/output/host/include -L/workspaces/labsisop-buildroot/output/host/lib -Wl,-rpath,/workspaces/labsisop-buildroot/output/host/lib conftest.c -lgmp  >&5
configure:15881: $? = 0
configure:15881: ./conftest
configure:15881: $? = 0
configure:15883: result: yes
configure:15902: checking if gmp_printf supports the ' group flag
configure:15928: /usr/bin/gcc -o conftest -O2 -I/workspaces/labsisop-buildroot/output/host/include -I/workspaces/labsisop-buildroot/output/host/include -L/workspaces/labsisop-buildroot/output/host/lib -Wl,-rpath,/workspaces/labsisop-buildroot/output/host/lib conftest.c -lgmp  >&5
configure:15928: $? = 0
configure:15928: ./conftest
configure:15928: $? = 0
configure:15930: result: yes
configure:15991: checking for __gmpn_sbpi1_divappr_q
configure:15991: /usr/bin/gcc -o conftest -O2 -I/workspaces/labsisop-buildroot/output/host/include -I/workspaces/labsisop-buildroot/output/host/include -L/workspaces/labsisop-buildroot/output/host/lib -Wl,-rpath,/workspaces/labsisop-buildroot/output/host/lib conftest.c -lgmp  >&5
configure:15991: $? = 0
configure:15991: result: yes
configure:15998: checking for __gmpn_invert_limb
configure:15998: /usr/bin/gcc -o conftest -O2 -I/workspaces/labsisop-buildroot/output/host/include -I/workspaces/labsisop-buildroot/output/host/include -L/workspaces/labsisop-buildroot/output/host/lib -Wl,-rpath,/workspaces/labsisop-buildroot/output/host/lib conftest.c -lgmp  >&5
configure:15998: $? = 0
configure:15998: result: yes
configure:16005: checking for __gmpn_rsblsh1_n
configure:16005: /usr/bin/gcc -o conftest -O2 -I/workspaces/labsisop-buildroot/output/host/include -I/workspaces/labsisop-buildroot/output/host/include -L/workspaces/labsisop-buildroot/output/host/lib -Wl,-rpath,/workspaces/labsisop-buildroot/output/host/lib conftest.c -lgmp  >&5
configure:16005: $? = 0
configure:16005: result: yes
configure:16015: checking for long to fit in mp_limb_t
configure:16044: /usr/bin/gcc -o conftest -O2 -I/workspaces/labsisop-buildroot/output/host/include -I/workspaces/labsisop-buildroot/output/host/include -I./src -L/workspaces/labsisop-buildroot/output/host/lib -Wl,-rpath,/workspaces/labsisop-buildroot/output/host/lib conftest.c -lgmp  >&5
configure:16044: $? = 0
configure:16054: result: yes
configure:16067: checking for intmax_t to fit in mp_limb_t
configure:16097: /usr/bin/gcc -o conftest -O2 -I/workspaces/labsisop-buildroot/output/host/include -I/workspaces/labsisop-buildroot/output/host/include -I./src -DMPFR_NEED_INTMAX_H -L/workspaces/labsisop-buildroot/output/host/lib -Wl,-rpath,/workspaces/labsisop-buildroot/output/host/lib conftest.c -lgmp  >&5
configure:16097: $? = 0
configure:16107: result: yes
configure:16164: checking for getrusage
configure:16164: /usr/bin/gcc -o conftest -O2 -I/workspaces/labsisop-buildroot/output/host/include -I/workspaces/labsisop-buildroot/output/host/include -L/workspaces/labsisop-buildroot/output/host/lib -Wl,-rpath,/workspaces/labsisop-buildroot/output/host/lib conftest.c -lgmp  >&5
configure:16164: $? = 0
configure:16164: result: yes
configure:16327: checking that generated files are newer than configure
configure:16333: result: done
configure:16364: creating ./config.status

## ---------------------- ##
## Running config.status. ##
## ---------------------- ##

This file was extended by MPFR config.status 4.1.1, which was
generated by GNU Autoconf 2.71.  Invocation command line was

  CONFIG_FILES    = 
  CONFIG_HEADERS  = 
  CONFIG_LINKS    = 
  CONFIG_COMMANDS = 
  $ ./config.status 

on codespaces-1ee735

config.status:1034: creating Makefile
config.status:1034: creating mpfr.pc
config.status:1034: creating doc/Makefile
config.status:1034: creating src/Makefile
config.status:1034: creating tests/Makefile
config.status:1034: creating tune/Makefile
config.status:1034: creating src/mparam.h
config.status:1034: creating tools/bench/Makefile
config.status:1206: executing depfiles commands
config.status:1206: executing libtool commands
configure:18334: WARNING: unrecognized options: --disable-gtk-doc, --disable-gtk-doc-html, --disable-doc, --disable-docs, --disable-documentation, --disable-debug, --with-xmlto, --with-fop, --disable-nls

## ---------------- ##
## Cache variables. ##
## ---------------- ##

ac_cv_build=x86_64-pc-linux-gnu
ac_cv_c_bigendian=no
ac_cv_c_compiler_gnu=yes
ac_cv_c_const=yes
ac_cv_c_volatile=yes
ac_cv_env_CC_set=set
ac_cv_env_CC_value=/usr/bin/gcc
ac_cv_env_CFLAGS_set=set
ac_cv_env_CFLAGS_value='-O2 -I/workspaces/labsisop-buildroot/output/host/include'
ac_cv_env_CPPFLAGS_set=set
ac_cv_env_CPPFLAGS_value=-I/workspaces/labsisop-buildroot/output/host/include
ac_cv_env_CPP_set=set
ac_cv_env_CPP_value=/usr/bin/cpp
ac_cv_env_LDFLAGS_set=set
ac_cv_env_LDFLAGS_value='-L/workspaces/labsisop-buildroot/output/host/lib -Wl,-rpath,/workspaces/labsisop-buildroot/output/host/lib'
ac_cv_env_LIBS_set=
ac_cv_env_LIBS_value=
ac_cv_env_LT_SYS_LIBRARY_PATH_set=
ac_cv_env_LT_SYS_LIBRARY_PATH_value=
ac_cv_env_build_alias_set=
ac_cv_env_build_alias_value=
ac_cv_env_host_alias_set=
ac_cv_env_host_alias_value=
ac_cv_env_target_alias_set=
ac_cv_env_target_alias_value=
ac_cv_func___gmpn_invert_limb=yes
ac_cv_func___gmpn_rsblsh1_n=yes
ac_cv_func___gmpn_sbpi1_divappr_q=yes
ac_cv_func_alloca_works=yes
ac_cv_func_getrusage=yes
ac_cv_func_gettimeofday=yes
ac_cv_func_setlocale=yes
ac_cv_func_signal=yes
ac_cv_header_dlfcn_h=yes
ac_cv_header_float_h=yes
ac_cv_header_inttypes_h=yes
ac_cv_header_limits_h=yes
ac_cv_header_locale_h=yes
ac_cv_header_stdarg_h=yes
ac_cv_header_stdint_h=yes
ac_cv_header_stdio_h=yes
ac_cv_header_stdlib_h=yes
ac_cv_header_string_h=yes
ac_cv_header_strings_h=yes
ac_cv_header_sys_fpu_h=no
ac_cv_header_sys_stat_h=yes
ac_cv_header_sys_types_h=yes
ac_cv_header_unistd_h=yes
ac_cv_header_wchar_h=yes
ac_cv_host=x86_64-pc-linux-gnu
ac_cv_lib_gmp___gmpz_init=yes
ac_cv_member_struct_lconv_decimal_point=yes
ac_cv_member_struct_lconv_thousands_sep=yes
ac_cv_objext=o
ac_cv_path_EGREP='/usr/bin/grep -E'
ac_cv_path_FGREP='/usr/bin/grep -F'
ac_cv_path_GREP=/usr/bin/grep
ac_cv_path_SED=/usr/bin/sed
ac_cv_path_install='/usr/bin/install -c'
ac_cv_path_lt_DD=/usr/bin/dd
ac_cv_path_mkdir=/usr/bin/mkdir
ac_cv_prog_AWK=gawk
ac_cv_prog_CPP=/usr/bin/cpp
ac_cv_prog_ac_ct_CC=/usr/bin/gcc
ac_cv_prog_ac_ct_FILECMD=file
ac_cv_prog_ac_ct_MANIFEST_TOOL=mt
ac_cv_prog_ac_ct_OBJDUMP=objdump
ac_cv_prog_ac_ct_RANLIB=/usr/bin/ranlib
ac_cv_prog_ac_ct_STRIP=strip
ac_cv_prog_cc_c11=
ac_cv_prog_cc_g=yes
ac_cv_prog_cc_stdc=
ac_cv_prog_make_make_set=yes
ac_cv_search_clock_gettime='none required'
ac_cv_type_intmax_t=yes
ac_cv_type_long_long_int=yes
ac_cv_type_size_t=yes
ac_cv_type_uintptr_t=yes
ac_cv_type_union_fpc_csr=no
ac_cv_working_alloca_h=yes
am_cv_CC_dependencies_compiler_type=none
am_cv_ar_interface=ar
am_cv_make_support_nested_variables=yes
am_cv_prog_cc_c_o=yes
gmp_cv_c_attribute_mode=yes
lt_cv_ar_at_file=@
lt_cv_archive_cmds_need_lc=no
lt_cv_deplibs_check_method=pass_all
lt_cv_file_magic_cmd='$MAGIC_CMD'
lt_cv_file_magic_test_file=
lt_cv_ld_reload_flag=-r
lt_cv_nm_interface='BSD nm'
lt_cv_objdir=.libs
lt_cv_path_LD=/usr/bin/ld
lt_cv_path_NM=/usr/bin/nm
lt_cv_path_mainfest_tool=no
lt_cv_prog_compiler_c_o=yes
lt_cv_prog_compiler_pic='-fPIC -DPIC'
lt_cv_prog_compiler_pic_works=yes
lt_cv_prog_compiler_rtti_exceptions=no
lt_cv_prog_compiler_static_works=yes
lt_cv_prog_gnu_ld=yes
lt_cv_sharedlib_from_linklib_cmd='printf %s\n'
lt_cv_shlibpath_overrides_runpath=yes
lt_cv_sys_global_symbol_pipe='/usr/bin/sed -n -e '\''s/^.*[	 ]\([ABCDGIRSTW][ABCDGIRSTW]*\)[	 ][	 ]*\([_A-Za-z][_A-Za-z0-9]*\)$/\1 \2 \2/p'\'' | /usr/bin/sed '\''/ __gnu_lto/d'\'''
lt_cv_sys_global_symbol_to_c_name_address='/usr/bin/sed -n -e '\''s/^: \(.*\) .*$/  {"\1", (void *) 0},/p'\'' -e '\''s/^[ABCDGIRSTW][ABCDGIRSTW]* .* \(.*\)$/  {"\1", (void *) \&\1},/p'\'''
lt_cv_sys_global_symbol_to_c_name_address_lib_prefix='/usr/bin/sed -n -e '\''s/^: \(.*\) .*$/  {"\1", (void *) 0},/p'\'' -e '\''s/^[ABCDGIRSTW][ABCDGIRSTW]* .* \(lib.*\)$/  {"\1", (void *) \&\1},/p'\'' -e '\''s/^[ABCDGIRSTW][ABCDGIRSTW]* .* \(.*\)$/  {"lib\1", (void *) \&\1},/p'\'''
lt_cv_sys_global_symbol_to_cdecl='/usr/bin/sed -n -e '\''s/^T .* \(.*\)$/extern int \1();/p'\'' -e '\''s/^[ABCDGIRSTW][ABCDGIRSTW]* .* \(.*\)$/extern char \1;/p'\'''
lt_cv_sys_global_symbol_to_import=
lt_cv_sys_max_cmd_len=1572864
lt_cv_to_host_file_cmd=func_convert_file_noop
lt_cv_to_tool_file_cmd=func_convert_file_noop
lt_cv_truncate_bin='/usr/bin/dd bs=4096 count=1'
mpfr_cv_c_double_format='IEEE double, little endian'
mpfr_cv_c_long_double_format='IEEE extended, little endian (16 bytes)'
mpfr_cv_check_gmp=yes
mpfr_cv_dbl_int_bug=no
mpfr_cv_errdivzero=no
mpfr_cv_gcc_floatconv_bug=no
mpfr_cv_have_builtin_unreachable=yes
mpfr_cv_have_fesetround=yes
mpfr_cv_have_intmax_max=yes
mpfr_cv_have_noreturn=yes
mpfr_cv_have_signedz=yes
mpfr_cv_have_subnorm_dbl=yes
mpfr_cv_have_subnorm_flt=yes
mpfr_cv_intmax_within_limb=yes
mpfr_cv_long_within_limb=yes
mpfr_cv_nanisnan=no

## ----------------- ##
## Output variables. ##
## ----------------- ##

ACLOCAL='${SHELL} '\''/workspaces/labsisop-buildroot/output/build/host-mpfr-4.1.1/missing'\'' aclocal-1.16'
ALLOCA=''
AMDEPBACKSLASH=''
AMDEP_FALSE=''
AMDEP_TRUE='#'
AMTAR='$${TAR-tar}'
AM_BACKSLASH='\'
AM_DEFAULT_V='$(AM_DEFAULT_VERBOSITY)'
AM_DEFAULT_VERBOSITY='1'
AM_V='$(V)'
AR='/usr/bin/ar'
AS='/usr/bin/as'
AUTOCONF='${SHELL} '\''/workspaces/labsisop-buildroot/output/build/host-mpfr-4.1.1/missing'\'' autoconf'
AUTOHEADER='${SHELL} '\''/workspaces/labsisop-buildroot/output/build/host-mpfr-4.1.1/missing'\'' autoheader'
AUTOMAKE='${SHELL} '\''/workspaces/labsisop-buildroot/output/build/host-mpfr-4.1.1/missing'\'' automake-1.16'
AWK='gawk'
CC='/usr/bin/gcc'
CCDEPMODE='depmode=none'
CFLAGS='-O2 -I/workspaces/labsisop-buildroot/output/host/include'
CPP='/usr/bin/cpp'
CPPFLAGS='-I/workspaces/labsisop-buildroot/output/host/include'
CSCOPE='cscope'
CTAGS='ctags'
CYGPATH_W='echo'
DATAFILES=''
DEFS='-DHAVE_STDIO_H=1 -DHAVE_INTTYPES_H=1 -DHAVE_STDINT_H=1 -DLT_OBJDIR=\".libs/\" -DHAVE_LITTLE_ENDIAN=1 -DHAVE_CLOCK_GETTIME=1 -DHAVE_LOCALE_H=1 -DHAVE_WCHAR_H=1 -DHAVE_STDARG=1 -DHAVE_STRUCT_LCONV_DECIMAL_POINT=1 -DHAVE_STRUCT_LCONV_THOUSANDS_SEP=1 -DHAVE_ALLOCA_H=1 -DHAVE_ALLOCA=1 -DHAVE_UINTPTR_T=1 -DHAVE_VA_COPY=1 -DHAVE_SETLOCALE=1 -DHAVE_GETTIMEOFDAY=1 -DHAVE_SIGNAL=1 -DHAVE_SIGACTION=1 -DHAVE_LONG_LONG=1 -DHAVE_INTMAX_T=1 -DMPFR_HAVE_INTMAX_MAX=1 -DMPFR_HAVE_NORETURN=1 -DMPFR_HAVE_BUILTIN_UNREACHABLE=1 -DMPFR_HAVE_CONSTRUCTOR_ATTR=1 -DMPFR_HAVE_FESETROUND=1 -DHAVE_SUBNORM_DBL=1 -DHAVE_SUBNORM_FLT=1 -DHAVE_SIGNEDZ=1 -DHAVE_ROUND=1 -DHAVE_TRUNC=1 -DHAVE_FLOOR=1 -DHAVE_CEIL=1 -DHAVE_NEARBYINT=1 -DHAVE_DOUBLE_IEEE_LITTLE_ENDIAN=1 -DHAVE_LDOUBLE_IEEE_EXT_LITTLE=1 -DMPFR_USE_THREAD_SAFE=1 -DMPFR_USE_C11_THREAD_SAFE=1 -DMPFR_WANT_DECIMAL_FLOATS=1 -DDECIMAL_BID_FORMAT=1 -DHAVE_DECIMAL128_IEEE_LITTLE_ENDIAN=1 -DMPFR_WANT_FLOAT128=1 -DMPFR_USE_STATIC_ASSERT=1 -DHAVE_ATTRIBUTE_MODE=1 -DPRINTF_L=1 -DPRINTF_T=1 -DPRINTF_GROUPFLAG=1 -DHAVE___GMPN_SBPI1_DIVAPPR_Q=1 -DHAVE___GMPN_INVERT_LIMB=1 -DHAVE___GMPN_RSBLSH1_N=1 -DMPFR_LONG_WITHIN_LIMB=1 -DMPFR_INTMAX_WITHIN_LIMB=1 -DHAVE_GETRUSAGE=1'
DEPDIR='.deps'
DLLTOOL='false'
DSYMUTIL=''
DUMPBIN=''
ECHO_C=''
ECHO_N='-n'
ECHO_T=''
EGREP='/usr/bin/grep -E'
ETAGS='etags'
EXEEXT=''
FGREP='/usr/bin/grep -F'
FILECMD='file'
GREP='/usr/bin/grep'
INSTALL_DATA='${INSTALL} -m 644'
INSTALL_PROGRAM='${INSTALL}'
INSTALL_SCRIPT='${INSTALL}'
INSTALL_STRIP_PROGRAM='$(install_sh) -c -s'
LD='/usr/bin/ld -m elf_x86_64'
LDFLAGS='-L/workspaces/labsisop-buildroot/output/host/lib -Wl,-rpath,/workspaces/labsisop-buildroot/output/host/lib'
LIBMPFR_LDFLAGS=''
LIBOBJS=''
LIBS='-lgmp '
LIBTOOL='$(SHELL) $(top_builddir)/libtool'
LIPO=''
LN_S='ln -s'
LTLIBOBJS=''
LT_SYS_LIBRARY_PATH=''
MAINT=''
MAINTAINER_MODE_FALSE='#'
MAINTAINER_MODE_TRUE=''
MAKEINFO='${SHELL} '\''/workspaces/labsisop-buildroot/output/build/host-mpfr-4.1.1/missing'\'' makeinfo'
MANIFEST_TOOL=':'
MINI_GMP_FALSE=''
MINI_GMP_TRUE='#'
MKDIR_P='/usr/bin/mkdir -p'
MPFR_LDFLAGS=''
MPFR_LIBM='-lm'
MPFR_LIBQUADMATH='-lquadmath'
NM='/usr/bin/nm'
NMEDIT=''
OBJDUMP='objdump'
OBJEXT='o'
OTOOL64=''
OTOOL=''
PACKAGE='mpfr'
PACKAGE_BUGREPORT=''
PACKAGE_NAME='MPFR'
PACKAGE_STRING='MPFR 4.1.1'
PACKAGE_TARNAME='mpfr'
PACKAGE_URL=''
PACKAGE_VERSION='4.1.1'
PATH_SEPARATOR=':'
PTHREAD_CC=''
PTHREAD_CFLAGS=''
PTHREAD_CXX=''
PTHREAD_LIBS=''
RANLIB='/usr/bin/ranlib'
SED='/usr/bin/sed'
SET_MAKE=''
SHELL='/bin/bash'
STRIP='strip'
TUNE_LIBS=''
VERSION='4.1.1'
ac_ct_AR=''
ac_ct_CC='/usr/bin/gcc'
ac_ct_DUMPBIN=''
am__EXEEXT_FALSE=''
am__EXEEXT_TRUE='#'
am__fastdepCC_FALSE=''
am__fastdepCC_TRUE='#'
am__include='include'
am__isrc=''
am__leading_dot='.'
am__nodep=''
am__quote=''
am__tar='$${TAR-tar} chof - "$$tardir"'
am__untar='$${TAR-tar} xf -'
ax_pthread_config=''
bindir='${exec_prefix}/bin'
build='x86_64-pc-linux-gnu'
build_alias=''
build_cpu='x86_64'
build_os='linux-gnu'
build_vendor='pc'
datadir='${datarootdir}'
datarootdir='${prefix}/share'
docdir='${datarootdir}/doc/${PACKAGE_TARNAME}'
dvidir='${docdir}'
exec_prefix='${prefix}'
host='x86_64-pc-linux-gnu'
host_alias=''
host_cpu='x86_64'
host_os='linux-gnu'
host_vendor='pc'
htmldir='${docdir}'
includedir='${prefix}/include'
infodir='${datarootdir}/info'
install_sh='${SHELL} /workspaces/labsisop-buildroot/output/build/host-mpfr-4.1.1/install-sh'
libdir='${exec_prefix}/lib'
libexecdir='${exec_prefix}/libexec'
localedir='${datarootdir}/locale'
localstatedir='/workspaces/labsisop-buildroot/output/host/var'
mandir='${datarootdir}/man'
mini_gmp_path=''
mkdir_p='$(MKDIR_P)'
oldincludedir='/usr/include'
pdfdir='${docdir}'
prefix='/workspaces/labsisop-buildroot/output/host'
program_transform_name='s,x,x,'
psdir='${docdir}'
runstatedir='${localstatedir}/run'
sbindir='${exec_prefix}/sbin'
sharedstatedir='${prefix}/com'
sysconfdir='/workspaces/labsisop-buildroot/output/host/etc'
target_alias=''

## ----------- ##
## confdefs.h. ##
## ----------- ##

/* confdefs.h */
#define HAVE_STDIO_H 1
#define HAVE_INTTYPES_H 1
#define HAVE_STDINT_H 1
#define LT_OBJDIR ".libs/"
#define HAVE_LITTLE_ENDIAN 1
#define HAVE_CLOCK_GETTIME 1
#define HAVE_LOCALE_H 1
#define HAVE_WCHAR_H 1
#define HAVE_STDARG 1
#define HAVE_STRUCT_LCONV_DECIMAL_POINT 1
#define HAVE_STRUCT_LCONV_THOUSANDS_SEP 1
#define HAVE_ALLOCA_H 1
#define HAVE_ALLOCA 1
#define HAVE_UINTPTR_T 1
#define HAVE_VA_COPY 1
#define HAVE_SETLOCALE 1
#define HAVE_GETTIMEOFDAY 1
#define HAVE_SIGNAL 1
#define HAVE_SIGACTION 1
#define HAVE_LONG_LONG 1
#define HAVE_INTMAX_T 1
#define MPFR_HAVE_INTMAX_MAX 1
#define MPFR_HAVE_NORETURN 1
#define MPFR_HAVE_BUILTIN_UNREACHABLE 1
#define MPFR_HAVE_CONSTRUCTOR_ATTR 1
#define MPFR_HAVE_FESETROUND 1
#define HAVE_SUBNORM_DBL 1
#define HAVE_SUBNORM_FLT 1
#define HAVE_SIGNEDZ 1
#define HAVE_ROUND 1
#define HAVE_TRUNC 1
#define HAVE_FLOOR 1
#define HAVE_CEIL 1
#define HAVE_NEARBYINT 1
#define HAVE_DOUBLE_IEEE_LITTLE_ENDIAN 1
#define HAVE_LDOUBLE_IEEE_EXT_LITTLE 1
#define MPFR_USE_THREAD_SAFE 1
#define MPFR_USE_C11_THREAD_SAFE 1
#define MPFR_WANT_DECIMAL_FLOATS 1
#define DECIMAL_BID_FORMAT 1
#define HAVE_DECIMAL128_IEEE_LITTLE_ENDIAN 1
#define MPFR_WANT_FLOAT128 1
#define MPFR_USE_STATIC_ASSERT 1
#define HAVE_ATTRIBUTE_MODE 1
#define PRINTF_L 1
#define PRINTF_T 1
#define PRINTF_GROUPFLAG 1
#define HAVE___GMPN_SBPI1_DIVAPPR_Q 1
#define HAVE___GMPN_INVERT_LIMB 1
#define HAVE___GMPN_RSBLSH1_N 1
#define MPFR_LONG_WITHIN_LIMB 1
#define MPFR_INTMAX_WITHIN_LIMB 1
#define HAVE_GETRUSAGE 1

configure: exit 0
